{"level":"info","message":"vishal.gangrade@accenture.com viewed profile","timestamp":"2016-10-15T22:50:00.183Z"}
{"level":"info","message":"vishal.gangrade@accenture.com viewed profile","timestamp":"2016-10-15T22:50:25.114Z"}
{"level":"info","message":"vishal.gangrade@accenture.com viewed profile","timestamp":"2016-10-15T22:50:41.783Z"}
{"level":"info","message":"vishal.gangrade@accenture.com viewed profile","timestamp":"2016-10-15T22:50:45.852Z"}
{"level":"info","message":"vishal.gangrade@accenture.com deleted 3596 from bid products","timestamp":"2016-10-15T22:50:48.433Z"}
{"level":"info","message":"vishal.gangrade@accenture.com viewed profile","timestamp":"2016-10-15T22:50:48.437Z"}
{"level":"info","message":"vishal.gangrade@accenture.com viewed cart page","timestamp":"2016-10-15T22:50:57.142Z"}
{"level":"info","message":"vishal.gangrade@accenture.com viewed cart page","timestamp":"2016-10-15T22:51:03.777Z"}
{"level":"info","message":"vishal.gangrade@accenture.com checking out items","timestamp":"2016-10-15T22:51:07.797Z"}
{"level":"info","message":" card details loaded of vishal.gangrade@accenture.com","timestamp":"2016-10-15T22:51:09.853Z"}
{"level":"info","message":"vishal.gangrade@accenture.com viewed profile","timestamp":"2016-10-15T22:51:28.768Z"}
{"level":"info","message":"vishal.gangrade@accenture.comviewed women clothing","timestamp":"2016-10-15T22:52:46.510Z"}
{"level":"info","message":" vishal.gangrade@accenture.com clicked on item mansi","timestamp":"2016-10-15T22:52:48.315Z"}
{"level":"info","message":" undefined went to home page","timestamp":"2016-10-15T23:02:21.893Z"}
{"level":"info","message":"undefinedviewed women clothing","timestamp":"2016-10-15T23:02:40.452Z"}
{"level":"info","message":" Signin page rendered","timestamp":"2016-10-15T23:02:41.806Z"}
{"level":"info","message":"vishal.gangrade@accenture.com viewed profile","timestamp":"2016-10-15T23:02:51.133Z"}
{"level":"info","message":"vishal.gangrade@accenture.com viewed cart page","timestamp":"2016-10-15T23:02:52.360Z"}
{"level":"info","message":"vishal.gangrade@accenture.com viewed profile","timestamp":"2016-10-15T23:02:55.214Z"}
{"level":"info","message":"data saved","timestamp":"2016-10-15T23:03:02.771Z"}
{"level":"info","message":"vishal.gangrade@accenture.com viewed profile","timestamp":"2016-10-15T23:03:04.549Z"}
{"level":"info","message":" undefined went to home page","timestamp":"2016-10-15T23:09:43.796Z"}
{"level":"info","message":" Signin page rendered","timestamp":"2016-10-15T23:09:45.627Z"}
{"level":"info","message":" Signin page rendered","timestamp":"2016-10-15T23:11:11.283Z"}
{"level":"info","message":" Signin page rendered","timestamp":"2016-10-15T23:13:24.199Z"}
{"level":"info","message":" undefined went to home page","timestamp":"2016-10-15T23:13:56.615Z"}
{"level":"info","message":" Signin page rendered","timestamp":"2016-10-15T23:13:59.705Z"}
{"level":"info","message":" undefined went to home page","timestamp":"2016-10-15T23:16:10.629Z"}
{"level":"info","message":" Signin page rendered","timestamp":"2016-10-15T23:16:12.758Z"}
{"level":"info","message":"vishal.gangrade@accenture.com viewed cart page","timestamp":"2016-10-15T23:17:31.232Z"}
{"level":"info","message":"vishal.gangrade@accenture.com checked out undefined item","timestamp":"2016-10-15T23:17:33.523Z"}
{"level":"info","message":"vishal.gangrade@accenture.com checking out items","timestamp":"2016-10-15T23:17:33.808Z"}
{"level":"info","message":" card details loaded of vishal.gangrade@accenture.com","timestamp":"2016-10-15T23:17:42.453Z"}
{"level":"info","message":"vishal.gangrade@accenture.com checking out items","timestamp":"2016-10-15T23:18:26.269Z"}
{"level":"info","message":" card details loaded of vishal.gangrade@accenture.com","timestamp":"2016-10-15T23:18:30.428Z"}
{"level":"info","message":"vishal.gangrade@accenture.com viewed cart page","timestamp":"2016-10-15T23:18:46.388Z"}
{"level":"info","message":"vishal.gangrade@accenture.com checking out items","timestamp":"2016-10-15T23:18:52.121Z"}
{"level":"info","message":" card details loaded of vishal.gangrade@accenture.com","timestamp":"2016-10-15T23:18:55.279Z"}
{"level":"info","message":"vishal.gangrade@accenture.com checking out items","timestamp":"2016-10-15T23:23:54.746Z"}
{"level":"info","message":"vishal.gangrade@accenture.com viewed profile","timestamp":"2016-10-15T23:29:19.093Z"}
{"level":"info","message":"vishal.gangrade@accenture.com viewed profile","timestamp":"2016-10-15T23:34:14.249Z"}
{"level":"info","message":" Signin page rendered","timestamp":"2016-10-15T23:38:59.013Z"}
{"level":"info","message":"vishal.gangrade@accenture.com viewed profile","timestamp":"2016-10-15T23:39:06.870Z"}
{"level":"info","message":"vishal.gangrade@accenture.com viewed profile","timestamp":"2016-10-15T23:39:51.212Z"}
{"level":"info","message":"vishal.gangrade@accenture.com viewed profile","timestamp":"2016-10-15T23:40:35.545Z"}
{"level":"info","message":"vishal.gangrade@accenture.com viewed profile","timestamp":"2016-10-15T23:41:06.958Z"}
{"level":"info","message":"vishal.gangrade@accenture.com viewed profile","timestamp":"2016-10-15T23:41:17.475Z"}
{"level":"info","message":"vishal.gangrade@accenture.com viewed profile","timestamp":"2016-10-15T23:41:42.937Z"}
{"level":"info","message":"vishal.gangrade@accenture.com viewed profile","timestamp":"2016-10-15T23:41:44.990Z"}
{"level":"info","message":"vishal.gangrade@accenture.com viewed profile","timestamp":"2016-10-15T23:44:10.094Z"}
{"level":"info","message":"vishal.gangrade@accenture.com viewed profile","timestamp":"2016-10-15T23:44:24.311Z"}
{"level":"info","message":"vishal.gangrade@accenture.com viewed profile","timestamp":"2016-10-15T23:44:55.271Z"}
{"level":"info","message":"vishal.gangrade@accenture.com viewed cart page","timestamp":"2016-10-15T23:48:51.907Z"}
{"level":"info","message":"vishal.gangrade@accenture.com checking out items","timestamp":"2016-10-15T23:49:00.398Z"}
{"level":"info","message":"vishal.gangrade@accenture.com viewed cart page","timestamp":"2016-10-15T23:49:02.952Z"}
{"level":"info","message":"vishal.gangrade@accenture.com checking out items","timestamp":"2016-10-15T23:49:57.487Z"}
{"level":"info","message":" card details loaded of vishal.gangrade@accenture.com","timestamp":"2016-10-15T23:50:47.150Z"}
{"level":"info","message":"vishal.gangrade@accenture.com viewed profile","timestamp":"2016-10-15T23:50:49.462Z"}
{"level":"info","message":" vishal.gangrade@accenture.com clicked on item 6","timestamp":"2016-10-15T23:57:02.421Z"}
{"level":"info","message":"vishal.gangrade@accenture.com viewed profile","timestamp":"2016-10-15T23:57:05.249Z"}
{"level":"info","message":" vishal.gangrade@accenture.com clicked on item ghvjh","timestamp":"2016-10-15T23:57:07.702Z"}
{"level":"info","message":" vishal.gangrade@accenture.com clicked on item ghvjh","timestamp":"2016-10-15T23:57:11.416Z"}
{"level":"info","message":" vishal.gangrade@accenture.com went to home page","timestamp":"2016-10-15T23:57:16.156Z"}
{"level":"info","message":"vishal.gangrade@accenture.comviewed women clothing","timestamp":"2016-10-15T23:57:50.131Z"}
{"level":"info","message":"vishal.gangrade@accenture.com viewed cart page","timestamp":"2016-10-15T23:57:54.854Z"}
{"level":"info","message":" Signin page rendered","timestamp":"2016-10-15T23:57:57.771Z"}
{"level":"info","message":"ho gaya{\"email\":\"mansi.mansi@mansi.mansi\",\"firstname\":\"mansi\",\"lastname\":\"mansi\",\"password\":\"098fda8328\",\"birthday\":\"1992-12-12\",\"address\":\"san jose\",\"contactno\":\"98653\"}","timestamp":"2016-10-15T23:59:18.073Z"}
{"level":"info","message":"vishal.gangrade@accenture.com viewed profile","timestamp":"2016-10-15T23:59:23.619Z"}
{"level":"info","message":" Signin page rendered","timestamp":"2016-10-15T23:59:48.213Z"}
{"level":"info","message":"ho gaya{\"email\":\"mansi@mansi.com\",\"firstname\":\"mansi\",\"lastname\":\"mansi\",\"password\":\"098fda8328\",\"birthday\":\"1992-12-12\",\"address\":\"san jose\",\"contactno\":\"468546\"}","timestamp":"2016-10-16T00:00:13.225Z"}
{"level":"info","message":" undefined went to home page","timestamp":"2016-10-16T00:00:25.178Z"}
{"level":"info","message":" Signin page rendered","timestamp":"2016-10-16T00:00:30.710Z"}
{"level":"info","message":"ho gaya{\"email\":\"hi@hi.hi\",\"firstname\":\"hi\",\"lastname\":\"hi\",\"password\":\"0c87\",\"birthday\":\"1992-12-12\",\"address\":\"san jose\",\"contactno\":\"598\"}","timestamp":"2016-10-16T00:02:02.993Z"}
{"level":"info","message":" undefined went to home page","timestamp":"2016-10-16T00:03:23.105Z"}
{"level":"info","message":" Signin page rendered","timestamp":"2016-10-16T00:03:26.144Z"}
{"level":"info","message":"ho gaya{\"email\":\"hi@hi.hi\",\"firstname\":\"hi\",\"lastname\":\"hi\",\"password\":\"0c87\",\"birthday\":\"1992-12-12\",\"address\":\"san jose\",\"contactno\":\"56\"}","timestamp":"2016-10-16T00:03:48.447Z"}
{"level":"info","message":" undefined went to home page","timestamp":"2016-10-16T00:11:00.020Z"}
{"level":"info","message":" Signin page rendered","timestamp":"2016-10-16T00:11:01.366Z"}
{"level":"info","message":"ho gaya{\"email\":\"kapil@gmail.com\",\"firstname\":\"kapil\",\"lastname\":\"sharma\",\"password\":\"0f8fc4992d202a23\",\"birthday\":\"1992-12-12\",\"address\":\"san jose\",\"contactno\":\"6547893210\"}","timestamp":"2016-10-16T00:11:47.781Z"}
{"level":"info","message":" undefined went to home page","timestamp":"2016-10-16T00:11:57.212Z"}
{"level":"info","message":" Signin page rendered","timestamp":"2016-10-16T00:11:59.652Z"}
{"level":"info","message":" undefined went to home page","timestamp":"2016-10-16T00:12:36.182Z"}
{"level":"info","message":" Signin page rendered","timestamp":"2016-10-16T00:13:15.359Z"}
{"level":"info","message":"kapil@gmail.com viewed profile","timestamp":"2016-10-16T00:13:39.058Z"}
{"level":"info","message":"kapil@gmail.com viewed cart page","timestamp":"2016-10-16T00:13:44.342Z"}
{"level":"info","message":" Signin page rendered","timestamp":"2016-10-16T00:13:49.915Z"}
{"level":"info","message":"ho gaya{\"email\":\"lala@lala.com\",\"firstname\":\"la\",\"lastname\":\"la\",\"password\":\"088fd89170232b\",\"birthday\":\"1992-12-12\",\"address\":\"san jose\",\"contactno\":\"4598763215\"}","timestamp":"2016-10-16T00:14:24.971Z"}
{"level":"info","message":" undefined went to home page","timestamp":"2016-10-16T00:14:32.255Z"}
{"level":"info","message":" Signin page rendered","timestamp":"2016-10-16T00:14:37.438Z"}
{"level":"info","message":"ho gaya{\"email\":\"nana@nana\",\"firstname\":\"nana\",\"lastname\":\"nana\",\"password\":\"0a8fda91\",\"birthday\":\"1992-12-12\",\"address\":\"san jose\",\"contactno\":\"6569897413\"}","timestamp":"2016-10-16T00:17:27.304Z"}
{"level":"info","message":" Signin page rendered","timestamp":"2016-10-16T00:17:31.107Z"}
{"level":"info","message":" undefined went to home page","timestamp":"2016-10-16T02:41:14.464Z"}
{"level":"info","message":" undefined went to home page","timestamp":"2016-10-16T02:59:26.341Z"}
{"level":"info","message":" Signin page rendered","timestamp":"2016-10-16T02:59:30.718Z"}
{"level":"info","message":" Signin page rendered","timestamp":"2016-10-16T03:00:30.312Z"}
{"level":"info","message":" Signin page rendered","timestamp":"2016-10-16T03:00:41.603Z"}
{"level":"info","message":"ho gaya{\"email\":\"naya.naya@naya.com\",\"firstname\":\"naya\",\"lastname\":\"naya\",\"password\":\"0a8fcd9170232b\",\"birthday\":\"1992-12-12\",\"address\":\"san jose\",\"contactno\":\"8956231475\"}","timestamp":"2016-10-16T03:01:06.527Z"}
{"level":"info","message":"ho gaya{\"email\":\"naya.naya@naya.com\",\"firstname\":\"naya\",\"lastname\":\"naya\",\"password\":\"0a8fcd9170232b\",\"birthday\":\"1992-12-12\",\"address\":\"san jose\",\"contactno\":\"8956231475\"}","timestamp":"2016-10-16T03:01:07.534Z"}
{"level":"info","message":"ho gaya{\"email\":\"naya.naya@naya.com\",\"firstname\":\"naya\",\"lastname\":\"naya\",\"password\":\"0a8fcd9170232b\",\"birthday\":\"1992-12-12\",\"address\":\"san jose\",\"contactno\":\"8956231475\"}","timestamp":"2016-10-16T03:46:40.288Z"}
{"level":"info","message":"ho gaya{\"email\":\"naya.naya@naya.com\",\"firstname\":\"naya\",\"lastname\":\"naya\",\"password\":\"0a8fcd9170232b\",\"birthday\":\"1992-12-12\",\"address\":\"san jose\",\"contactno\":\"8956231475\"}","timestamp":"2016-10-16T03:46:41.303Z"}
{"level":"info","message":"ho gaya{\"email\":\"naya.naya@naya.com\",\"firstname\":\"naya\",\"lastname\":\"naya\",\"password\":\"0a8fcd9170232b\",\"birthday\":\"1992-12-12\",\"address\":\"san jose\",\"contactno\":\"8956231475\"}","timestamp":"2016-10-16T03:46:41.892Z"}
{"level":"info","message":" Signin page rendered","timestamp":"2016-10-16T03:46:43.645Z"}
{"level":"info","message":"ho gaya{\"email\":\"mansisogani1207@gmail.com\",\"firstname\":\"Mansi\",\"lastname\":\"Sogani\",\"password\":\"0c87dc99297870\",\"birthday\":\"1992-12-12\",\"address\":\"san jose\",\"contactno\":\"6462013434\"}","timestamp":"2016-10-16T03:46:54.635Z"}
{"level":"info","message":"ho gaya{\"email\":\"uhiu@hujhi.ub\",\"firstname\":\"Mansi\",\"lastname\":\"Sogani\",\"password\":\"0c87dc99297870\",\"birthday\":\"1992-12-12\",\"address\":\"san jose\",\"contactno\":\"6462013434\"}","timestamp":"2016-10-16T03:47:08.726Z"}
{"level":"info","message":"vishal.gangrade@accenture.com viewed cart page","timestamp":"2016-10-16T03:55:37.070Z"}
{"level":"info","message":"vishal.gangrade@accenture.com checked out undefined item","timestamp":"2016-10-16T03:55:39.239Z"}
{"level":"info","message":"vishal.gangrade@accenture.com checking out items","timestamp":"2016-10-16T03:55:39.892Z"}
{"level":"info","message":" card details loaded of vishal.gangrade@accenture.com","timestamp":"2016-10-16T03:55:41.971Z"}
{"level":"info","message":"vishal.gangrade@accenture.com viewed profile","timestamp":"2016-10-16T03:56:46.797Z"}
{"level":"info","message":" undefined went to home page","timestamp":"2016-10-16T04:03:03.002Z"}
{"level":"info","message":" Signin page rendered","timestamp":"2016-10-16T04:03:06.017Z"}
{"level":"info","message":"ho gaya{\"email\":\"mansi.sogani@sjsu.edu\",\"firstname\":\"Mansi\",\"lastname\":\"Sogani\",\"password\":\"098fda8328202a23\",\"birthday\":\"1992-12-12\",\"address\":\"san jose\",\"contactno\":\"6462013434\"}","timestamp":"2016-10-16T04:03:25.621Z"}
{"level":"info","message":"ho gaya{\"email\":\"vishal.gangrade@accenture.com\",\"firstname\":\"Vishal\",\"lastname\":\"Gangrade\",\"password\":\"1287c798207d292263\",\"birthday\":\"1992-12-12\",\"address\":\"san jose\",\"contactno\":\"8103202575\"}","timestamp":"2016-10-16T04:04:03.812Z"}
{"level":"info","message":"ho gaya{\"email\":\"vishal.gangrade@accenture.com\",\"firstname\":\"Vishal\",\"lastname\":\"Gangrade\",\"password\":\"1287c798207d292263\",\"birthday\":\"1992-12-12\",\"address\":\"san jose\",\"contactno\":\"8103202575\"}","timestamp":"2016-10-16T04:04:04.817Z"}
{"level":"info","message":"ho gaya{\"email\":\"vishal.gangrade@accenture.com\",\"firstname\":\"Vishal\",\"lastname\":\"Gangrade\",\"password\":\"1287c798207d292263\",\"birthday\":\"1992-12-12\",\"address\":\"san jose\",\"contactno\":\"8103202575\"}","timestamp":"2016-10-16T04:04:05.463Z"}
{"level":"info","message":"ho gaya{\"email\":\"vishal.gangrade@accenture.com\",\"firstname\":\"Vishal\",\"lastname\":\"Gangrade\",\"password\":\"1287c798207d292263\",\"birthday\":\"1992-12-12\",\"address\":\"san jose\",\"contactno\":\"8103202575\"}","timestamp":"2016-10-16T04:04:05.904Z"}
{"level":"info","message":"ho gaya{\"email\":\"vishal.gangrade@accenture.com\",\"firstname\":\"Vishal\",\"lastname\":\"Gangrade\",\"password\":\"1287c798207d292263\",\"birthday\":\"1992-12-12\",\"address\":\"san jose\",\"contactno\":\"8103202575\"}","timestamp":"2016-10-16T04:04:06.227Z"}
{"level":"info","message":"vishal.gangrade@accenture.com viewed profile","timestamp":"2016-10-16T04:05:20.601Z"}
{"level":"info","message":"data saved","timestamp":"2016-10-16T04:05:37.724Z"}
{"level":"info","message":" vishal.gangrade@accenture.com went to home page","timestamp":"2016-10-16T04:06:44.080Z"}
{"level":"info","message":"vishal.gangrade@accenture.com viewed profile","timestamp":"2016-10-16T04:09:05.218Z"}
{"level":"info","message":"data saved","timestamp":"2016-10-16T04:09:06.732Z"}
{"level":"info","message":"data saved","timestamp":"2016-10-16T04:09:10.610Z"}
{"level":"info","message":"vishal.gangrade@accenture.com viewed profile","timestamp":"2016-10-16T04:09:17.526Z"}
{"level":"info","message":"data saved","timestamp":"2016-10-16T04:09:19.463Z"}
{"level":"info","message":"vishal.gangrade@accenture.com viewed profile","timestamp":"2016-10-16T04:09:21.970Z"}
{"level":"info","message":"vishal.gangrade@accenture.com viewed profile","timestamp":"2016-10-16T04:10:37.033Z"}
{"level":"info","message":"data saved","timestamp":"2016-10-16T04:10:39.351Z"}
{"level":"info","message":"data saved","timestamp":"2016-10-16T04:11:25.116Z"}
{"level":"info","message":"data saved","timestamp":"2016-10-16T04:11:43.665Z"}
{"level":"info","message":"data saved","timestamp":"2016-10-16T04:12:59.586Z"}
{"level":"info","message":"vishal.gangrade@accenture.com viewed profile","timestamp":"2016-10-16T04:13:01.262Z"}
{"level":"info","message":"data saved","timestamp":"2016-10-16T04:13:03.632Z"}
{"level":"info","message":"vishal.gangrade@accenture.com viewed profile","timestamp":"2016-10-16T04:13:05.861Z"}
{"level":"info","message":"vishal.gangrade@accenture.com viewed profile","timestamp":"2016-10-16T04:13:09.524Z"}
{"level":"info","message":"data saved","timestamp":"2016-10-16T04:13:53.476Z"}
{"level":"info","message":"data saved","timestamp":"2016-10-16T04:14:54.450Z"}
{"level":"info","message":"data saved","timestamp":"2016-10-16T04:15:08.122Z"}
{"level":"info","message":"data saved","timestamp":"2016-10-16T04:15:16.606Z"}
{"level":"info","message":"data saved","timestamp":"2016-10-16T04:15:23.714Z"}
{"level":"info","message":"data saved","timestamp":"2016-10-16T04:15:33.015Z"}
{"level":"info","message":"data saved","timestamp":"2016-10-16T04:19:00.429Z"}
{"level":"info","message":"data saved","timestamp":"2016-10-16T04:19:07.455Z"}
{"level":"info","message":"vishal.gangrade@accenture.comviewed women clothing","timestamp":"2016-10-16T04:19:09.257Z"}
{"level":"info","message":"data saved","timestamp":"2016-10-16T04:19:10.830Z"}
{"level":"info","message":"data saved","timestamp":"2016-10-16T04:19:32.074Z"}
{"level":"info","message":"vishal.gangrade@accenture.com viewed profile","timestamp":"2016-10-16T04:25:18.963Z"}
{"level":"info","message":"data saved","timestamp":"2016-10-16T04:25:23.785Z"}
{"level":"info","message":"vishal.gangrade@accenture.com viewed profile","timestamp":"2016-10-16T04:27:19.484Z"}
{"level":"info","message":" undefined went to home page","timestamp":"2016-10-16T04:27:43.585Z"}
{"level":"info","message":" Signin page rendered","timestamp":"2016-10-16T04:27:47.286Z"}
{"level":"info","message":"mansisogani1207@gmail.com viewed profile","timestamp":"2016-10-16T04:27:59.475Z"}
{"level":"info","message":"data saved","timestamp":"2016-10-16T04:28:01.199Z"}
{"level":"info","message":"mansisogani1207@gmail.com viewed profile","timestamp":"2016-10-16T04:28:05.909Z"}
{"level":"info","message":"data saved","timestamp":"2016-10-16T04:28:16.906Z"}
{"level":"info","message":" undefined went to home page","timestamp":"2016-10-16T04:28:20.305Z"}
{"level":"info","message":" Signin page rendered","timestamp":"2016-10-16T04:28:22.403Z"}
{"level":"info","message":"mansisogani1207@gmail.com viewed profile","timestamp":"2016-10-16T04:28:30.343Z"}
{"level":"info","message":"data saved","timestamp":"2016-10-16T04:28:33.198Z"}
{"level":"info","message":"mansisogani1207@gmail.com viewed profile","timestamp":"2016-10-16T04:29:42.371Z"}
{"level":"info","message":"mansisogani1207@gmail.com viewed profile","timestamp":"2016-10-16T04:29:46.056Z"}
{"level":"info","message":"mansisogani1207@gmail.com viewed profile","timestamp":"2016-10-16T04:30:53.070Z"}
{"level":"info","message":"mansisogani1207@gmail.com viewed profile","timestamp":"2016-10-16T04:31:16.126Z"}
{"level":"info","message":"mansisogani1207@gmail.com viewed profile","timestamp":"2016-10-16T04:31:52.053Z"}
{"level":"info","message":"mansisogani1207@gmail.com viewed profile","timestamp":"2016-10-16T04:32:06.385Z"}
{"level":"info","message":"mansisogani1207@gmail.com viewed profile","timestamp":"2016-10-16T04:34:34.800Z"}
{"level":"info","message":"mansisogani1207@gmail.com viewed profile","timestamp":"2016-10-16T04:34:35.832Z"}
{"level":"info","message":"mansisogani1207@gmail.com viewed profile","timestamp":"2016-10-16T04:37:04.774Z"}
{"level":"info","message":"mansisogani1207@gmail.com viewed profile","timestamp":"2016-10-16T04:37:29.711Z"}
{"level":"info","message":"mansisogani1207@gmail.com viewed profile","timestamp":"2016-10-16T04:38:52.463Z"}
{"level":"info","message":"data saved","timestamp":"2016-10-16T04:39:02.290Z"}
{"level":"info","message":"mansisogani1207@gmail.com viewed profile","timestamp":"2016-10-16T04:41:15.520Z"}
{"level":"info","message":"mansisogani1207@gmail.com viewed profile","timestamp":"2016-10-16T04:41:19.276Z"}
{"level":"info","message":"data saved","timestamp":"2016-10-16T04:41:23.988Z"}
{"level":"info","message":"mansisogani1207@gmail.com viewed profile","timestamp":"2016-10-16T04:42:38.867Z"}
{"level":"info","message":"mansisogani1207@gmail.com viewed profile","timestamp":"2016-10-16T04:42:42.421Z"}
{"level":"info","message":"data saved","timestamp":"2016-10-16T04:42:47.357Z"}
{"level":"info","message":"mansisogani1207@gmail.com viewed profile","timestamp":"2016-10-16T04:44:39.418Z"}
{"level":"info","message":"mansisogani1207@gmail.com viewed profile","timestamp":"2016-10-16T04:44:42.181Z"}
{"level":"info","message":"data saved","timestamp":"2016-10-16T04:45:23.286Z"}
{"level":"info","message":"mansisogani1207@gmail.com viewed profile","timestamp":"2016-10-16T04:46:17.963Z"}
{"level":"info","message":"mansisogani1207@gmail.com viewed profile","timestamp":"2016-10-16T04:52:03.729Z"}
{"level":"info","message":" Signin page rendered","timestamp":"2016-10-16T04:52:36.112Z"}
{"level":"info","message":"mansisogani1207@gmail.com viewed profile","timestamp":"2016-10-16T04:52:43.301Z"}
{"level":"info","message":" undefined went to home page","timestamp":"2016-10-16T04:53:55.546Z"}
{"level":"info","message":"undefinedviewed women clothing","timestamp":"2016-10-16T04:53:59.415Z"}
{"level":"info","message":" undefined went to home page","timestamp":"2016-10-16T04:54:04.416Z"}
{"level":"info","message":" Signin page rendered","timestamp":"2016-10-16T04:54:11.889Z"}
{"level":"info","message":"mansisogani1207@gmail.com viewed profile","timestamp":"2016-10-16T04:54:31.282Z"}
{"level":"info","message":"mansisogani1207@gmail.com viewed profile","timestamp":"2016-10-16T04:55:35.859Z"}
{"level":"info","message":"mansisogani1207@gmail.com viewed profile","timestamp":"2016-10-16T04:55:38.494Z"}
{"level":"info","message":"mansisogani1207@gmail.com viewed profile","timestamp":"2016-10-16T04:56:18.582Z"}
{"level":"info","message":"mansisogani1207@gmail.com viewed profile","timestamp":"2016-10-16T04:56:20.559Z"}
{"level":"info","message":"mansisogani1207@gmail.com viewed profile","timestamp":"2016-10-16T04:56:41.626Z"}
{"level":"info","message":"mansisogani1207@gmail.com viewed profile","timestamp":"2016-10-16T04:58:21.907Z"}
{"level":"info","message":"mansisogani1207@gmail.com viewed profile","timestamp":"2016-10-16T04:58:26.745Z"}
{"level":"info","message":"mansisogani1207@gmail.com viewed profile","timestamp":"2016-10-16T04:59:23.880Z"}
{"level":"info","message":"mansisogani1207@gmail.com viewed profile","timestamp":"2016-10-16T04:59:26.314Z"}
{"level":"info","message":"mansisogani1207@gmail.com viewed profile","timestamp":"2016-10-16T05:00:30.764Z"}
{"level":"info","message":"mansisogani1207@gmail.com viewed profile","timestamp":"2016-10-16T05:00:32.867Z"}
{"level":"info","message":"mansisogani1207@gmail.com viewed profile","timestamp":"2016-10-16T05:01:42.625Z"}
{"level":"info","message":"mansisogani1207@gmail.com viewed profile","timestamp":"2016-10-16T05:01:44.513Z"}
{"level":"info","message":" Signin page rendered","timestamp":"2016-10-16T05:02:09.760Z"}
{"level":"info","message":"vishal.gangrade@accenture.comviewed women clothing","timestamp":"2016-10-16T05:02:24.075Z"}
{"level":"info","message":"vishal.gangrade@accenture.com viewed profile","timestamp":"2016-10-16T05:02:28.502Z"}
{"level":"info","message":"vishal.gangrade@accenture.com viewed profile","timestamp":"2016-10-16T05:04:34.878Z"}
{"level":"info","message":"vishal.gangrade@accenture.com viewed profile","timestamp":"2016-10-16T05:04:37.931Z"}
{"level":"info","message":"vishal.gangrade@accenture.com viewed profile","timestamp":"2016-10-16T05:04:38.695Z"}
{"level":"info","message":"vishal.gangrade@accenture.com viewed profile","timestamp":"2016-10-16T05:05:22.127Z"}
{"level":"info","message":"vishal.gangrade@accenture.com viewed profile","timestamp":"2016-10-16T05:05:27.420Z"}
{"level":"info","message":"vishal.gangrade@accenture.com viewed profile","timestamp":"2016-10-16T05:06:07.850Z"}
{"level":"info","message":"vishal.gangrade@accenture.com viewed profile","timestamp":"2016-10-16T05:06:56.194Z"}
{"level":"info","message":"vishal.gangrade@accenture.com viewed profile","timestamp":"2016-10-16T05:07:05.470Z"}
{"level":"info","message":"vishal.gangrade@accenture.com viewed profile","timestamp":"2016-10-16T05:07:06.645Z"}
{"level":"info","message":"vishal.gangrade@accenture.com viewed profile","timestamp":"2016-10-16T05:07:53.608Z"}
{"level":"info","message":"vishal.gangrade@accenture.com viewed profile","timestamp":"2016-10-16T05:07:55.866Z"}
{"level":"info","message":"data saved","timestamp":"2016-10-16T05:08:54.159Z"}
{"level":"info","message":"vishal.gangrade@accenture.com viewed profile","timestamp":"2016-10-16T05:10:29.582Z"}
{"level":"info","message":"data saved","timestamp":"2016-10-16T05:10:36.180Z"}
{"level":"info","message":"vishal.gangrade@accenture.com viewed profile","timestamp":"2016-10-16T05:11:32.931Z"}
{"level":"info","message":"vishal.gangrade@accenture.com viewed profile","timestamp":"2016-10-16T05:11:36.126Z"}
{"level":"info","message":"data saved","timestamp":"2016-10-16T05:12:10.961Z"}
{"level":"info","message":"vishal.gangrade@accenture.com viewed profile","timestamp":"2016-10-16T05:13:23.241Z"}
{"level":"info","message":"vishal.gangrade@accenture.com viewed profile","timestamp":"2016-10-16T05:13:25.437Z"}
{"level":"info","message":"data saved","timestamp":"2016-10-16T05:14:13.762Z"}
{"level":"info","message":"vishal.gangrade@accenture.com viewed profile","timestamp":"2016-10-16T05:19:39.888Z"}
{"level":"info","message":"vishal.gangrade@accenture.com viewed profile","timestamp":"2016-10-16T05:19:42.882Z"}
{"level":"info","message":"data saved","timestamp":"2016-10-16T05:20:38.362Z"}
{"level":"info","message":"vishal.gangrade@accenture.com viewed profile","timestamp":"2016-10-16T05:21:25.860Z"}
{"level":"info","message":"vishal.gangrade@accenture.com viewed profile","timestamp":"2016-10-16T05:21:27.075Z"}
{"level":"info","message":"vishal.gangrade@accenture.com viewed profile","timestamp":"2016-10-16T05:30:17.495Z"}
{"level":"info","message":"vishal.gangrade@accenture.com viewed profile","timestamp":"2016-10-16T05:31:26.344Z"}
{"level":"info","message":"vishal.gangrade@accenture.com viewed cart page","timestamp":"2016-10-16T05:31:31.566Z"}
{"level":"info","message":"vishal.gangrade@accenture.com viewed cart page","timestamp":"2016-10-16T05:32:10.471Z"}
{"level":"info","message":"vishal.gangrade@accenture.com viewed profile","timestamp":"2016-10-16T05:32:19.930Z"}
{"level":"info","message":" vishal.gangrade@accenture.com clicked on item Daniel Wellington's Watch","timestamp":"2016-10-16T05:32:21.651Z"}
{"level":"info","message":"vishal.gangrade@accenture.comviewed women clothing","timestamp":"2016-10-16T05:34:11.656Z"}
{"level":"info","message":"vishal.gangrade@accenture.comviewed women clothing","timestamp":"2016-10-16T05:35:02.400Z"}
{"level":"info","message":" vishal.gangrade@accenture.com went to home page","timestamp":"2016-10-16T05:35:34.477Z"}
{"level":"info","message":" undefined went to home page","timestamp":"2016-10-16T05:38:05.499Z"}
{"level":"info","message":" undefined went to home page","timestamp":"2016-10-16T05:38:12.049Z"}
{"level":"info","message":"undefinedviewed women clothing","timestamp":"2016-10-16T05:38:15.415Z"}
{"level":"info","message":" Signin page rendered","timestamp":"2016-10-16T05:39:11.600Z"}
{"level":"info","message":"vishal.gangrade@accenture.comviewed women clothing","timestamp":"2016-10-16T05:39:30.195Z"}
{"level":"info","message":"vishal.gangrade@accenture.comviewed women clothing","timestamp":"2016-10-16T05:40:26.670Z"}
{"level":"info","message":"vishal.gangrade@accenture.comviewed women clothing","timestamp":"2016-10-16T05:41:18.177Z"}
{"level":"info","message":"vishal.gangrade@accenture.comviewed women clothing","timestamp":"2016-10-16T05:42:39.571Z"}
{"level":"info","message":" vishal.gangrade@accenture.com went to home page","timestamp":"2016-10-16T05:45:46.767Z"}
{"level":"info","message":" undefined went to home page","timestamp":"2016-10-16T05:47:36.039Z"}
{"level":"info","message":"undefinedviewed Bidding Products","timestamp":"2016-10-16T05:47:44.918Z"}
{"level":"info","message":"ho gaya{\"productlist\":[{\"email\":\"mansisogani1207@gmail.com\",\"bidproductid\":2100,\"bidproductname\":\"Touch Screen Monitor\",\"bidproductdescription\":\"TouchScreen 15\\\" Monitor\",\"bidproductprice\":570,\"biddateposted\":\"2016-10-16T04:55:35.000Z\",\"bidtakenby\":\"mansisogani1207@gmail.com\",\"bidcategory\":\"Electronics\",\"bidvalue\":0,\"BidCloses\":\"2016-10-20T04:55:35.000Z\"},{\"email\":\"mansisogani1207@gmail.com\",\"bidproductid\":2200,\"bidproductname\":\"Acer Projector\",\"bidproductdescription\":\"Pacon Overhead Projector\",\"bidproductprice\":230,\"biddateposted\":\"2016-10-16T04:58:21.000Z\",\"bidtakenby\":\"mansisogani1207@gmail.com\",\"bidcategory\":\"Electronics\",\"bidvalue\":0,\"BidCloses\":\"2016-10-20T04:58:21.000Z\"},{\"email\":\"mansisogani1207@gmail.com\",\"bidproductid\":2300,\"bidproductname\":\"Dell Inspiron Laptop\",\"bidproductdescription\":\"3356 15\\\" Laptop\",\"bidproductprice\":642,\"biddateposted\":\"2016-10-16T04:59:23.000Z\",\"bidtakenby\":\"mansisogani1207@gmail.com\",\"bidcategory\":\"Electronics\",\"bidvalue\":0,\"BidCloses\":\"2016-10-20T04:59:23.000Z\"},{\"email\":\"mansisogani1207@gmail.com\",\"bidproductid\":2400,\"bidproductname\":\"iPhone 6 Plus\",\"bidproductdescription\":\"Black 64GB iPhone6+\",\"bidproductprice\":630,\"biddateposted\":\"2016-10-16T05:00:30.000Z\",\"bidtakenby\":\"mansisogani1207@gmail.com\",\"bidcategory\":\"Electronics\",\"bidvalue\":0,\"BidCloses\":\"2016-10-20T05:00:30.000Z\"},{\"email\":\"mansisogani1207@gmail.com\",\"bidproductid\":2500,\"bidproductname\":\"Panasonic TV\",\"bidproductdescription\":\"LED 36\\\" UltraSound TV\",\"bidproductprice\":350,\"biddateposted\":\"2016-10-16T05:01:42.000Z\",\"bidtakenby\":\"mansisogani1207@gmail.com\",\"bidcategory\":\"Electronics\",\"bidvalue\":0,\"BidCloses\":\"2016-10-20T05:01:42.000Z\"},{\"email\":\"vishal.gangrade@accenture.com\",\"bidproductid\":3100,\"bidproductname\":\"Hair Straightner\",\"bidproductdescription\":\"LG 2-in-1 Straightner\",\"bidproductprice\":60,\"biddateposted\":\"2016-10-16T05:04:34.000Z\",\"bidtakenby\":\"vishal.gangrade@accenture.com\",\"bidcategory\":\"Electronics\",\"bidvalue\":0,\"BidCloses\":\"2016-10-20T05:04:34.000Z\"},{\"email\":\"vishal.gangrade@accenture.com\",\"bidproductid\":3200,\"bidproductname\":\"Galaxy 6\",\"bidproductdescription\":\"Grey Samsung Galaxy 6 \",\"bidproductprice\":420,\"biddateposted\":\"2016-10-16T05:05:22.000Z\",\"bidtakenby\":\"vishal.gangrade@accenture.com\",\"bidcategory\":\"Electronics\",\"bidvalue\":0,\"BidCloses\":\"2016-10-20T05:05:22.000Z\"},{\"email\":\"vishal.gangrade@accenture.com\",\"bidproductid\":3300,\"bidproductname\":\"iPad\",\"bidproductdescription\":\"Black iPad Pro Mini\",\"bidproductprice\":680,\"biddateposted\":\"2016-10-16T05:06:07.000Z\",\"bidtakenby\":\"vishal.gangrade@accenture.com\",\"bidcategory\":\"Electronics\",\"bidvalue\":0,\"BidCloses\":\"2016-10-20T05:06:07.000Z\"},{\"email\":\"vishal.gangrade@accenture.com\",\"bidproductid\":3400,\"bidproductname\":\"Power Bank\",\"bidproductdescription\":\"MI 5200mAH Power Bank\",\"bidproductprice\":120,\"biddateposted\":\"2016-10-16T05:06:56.000Z\",\"bidtakenby\":\"vishal.gangrade@accenture.com\",\"bidcategory\":\"Electronics\",\"bidvalue\":0,\"BidCloses\":\"2016-10-20T05:06:56.000Z\"},{\"email\":\"vishal.gangrade@accenture.com\",\"bidproductid\":3500,\"bidproductname\":\"Fit Bit\",\"bidproductdescription\":\"Pink Color Fit Bit\",\"bidproductprice\":200,\"biddateposted\":\"2016-10-16T05:07:53.000Z\",\"bidtakenby\":\"vishal.gangrade@accenture.com\",\"bidcategory\":\"Electronics\",\"bidvalue\":0,\"BidCloses\":\"2016-10-20T05:07:53.000Z\"}]}","timestamp":"2016-10-16T05:47:44.995Z"}
{"level":"info","message":" Signin page rendered","timestamp":"2016-10-16T17:10:52.877Z"}
{"level":"info","message":" undefined went to home page","timestamp":"2016-10-16T17:10:56.950Z"}
{"level":"info","message":" undefined went to home page","timestamp":"2016-10-16T17:23:52.034Z"}
{"level":"info","message":" undefined went to home page","timestamp":"2016-10-16T17:25:22.361Z"}
{"level":"info","message":" undefined went to home page","timestamp":"2016-10-16T17:30:35.726Z"}
{"level":"info","message":" Signin page rendered","timestamp":"2016-10-16T17:31:40.295Z"}
{"level":"info","message":"vishal.gangrade@accenture.com viewed profile","timestamp":"2016-10-16T17:32:34.157Z"}
{"level":"info","message":"vishal.gangrade@accenture.com viewed profile","timestamp":"2016-10-16T17:37:07.010Z"}
{"level":"info","message":" Signin page rendered","timestamp":"2016-10-16T17:37:31.311Z"}
{"level":"info","message":"ho gaya{\"email\":\"test@test.com\",\"firstname\":\"Test\",\"lastname\":\"Test\",\"password\":\"108bc78470232b\",\"birthday\":\"1992-12-12\",\"address\":\"san jose\",\"contactno\":\"9999999999\"}","timestamp":"2016-10-16T17:43:02.540Z"}
{"level":"info","message":" Signin page rendered","timestamp":"2016-10-16T17:43:06.417Z"}
{"level":"info","message":"ho gaya{\"email\":\"test@test.com\",\"firstname\":\"Test\",\"lastname\":\"Test\",\"password\":\"108bc784\",\"birthday\":\"1992-12-12\",\"address\":\"san jose\",\"contactno\":\"9999999999\"}","timestamp":"2016-10-16T17:43:32.487Z"}
{"level":"info","message":"ho gaya{\"firstname\":\"Test\",\"lastname\":\"Test\",\"password\":\"108bc784\",\"birthday\":\"1992-12-12\",\"address\":\"san jose\",\"contactno\":\"9999999999\"}","timestamp":"2016-10-16T17:44:27.630Z"}
{"level":"info","message":"ho gaya{\"firstname\":\"Test\",\"lastname\":\"Test\",\"password\":\"108bc784\",\"birthday\":\"1992-12-12\",\"address\":\"san jose\",\"contactno\":\"9999999999\"}","timestamp":"2016-10-16T17:44:36.686Z"}
{"level":"info","message":"ho gaya{\"firstname\":\"Test\",\"lastname\":\"Test\",\"password\":\"108bc784\",\"birthday\":\"1992-12-12\",\"address\":\"san jose\",\"contactno\":\"9999999999\"}","timestamp":"2016-10-16T17:44:48.587Z"}
{"level":"info","message":" Signin page rendered","timestamp":"2016-10-16T17:44:51.669Z"}
{"level":"info","message":"ho gaya{\"firstname\":\"Mansi\",\"lastname\":\"Sogani\",\"password\":\"098fda8328\",\"birthday\":\"1992-12-12\",\"address\":\"san jose\",\"contactno\":\"6462013434\"}","timestamp":"2016-10-16T17:45:29.211Z"}
{"level":"info","message":" Signin page rendered","timestamp":"2016-10-16T17:48:31.482Z"}
{"level":"info","message":"mansisogani1207@gmail.com viewed profile","timestamp":"2016-10-16T17:52:11.270Z"}
{"level":"info","message":" Signin page rendered","timestamp":"2016-10-16T17:52:17.441Z"}
{"level":"info","message":"mansisogani1207@gmail.com viewed profile","timestamp":"2016-10-16T17:52:19.681Z"}
{"level":"info","message":"mansisogani1207@gmail.com viewed profile","timestamp":"2016-10-16T17:52:22.718Z"}
{"level":"info","message":" mansisogani1207@gmail.com went to home page","timestamp":"2016-10-16T17:52:27.026Z"}
{"level":"info","message":"mansisogani1207@gmail.com viewed profile","timestamp":"2016-10-16T17:52:36.879Z"}
{"level":"info","message":"mansisogani1207@gmail.com viewed profile","timestamp":"2016-10-16T17:54:53.439Z"}
{"level":"info","message":"mansisogani1207@gmail.com viewed profile","timestamp":"2016-10-16T17:56:46.387Z"}
{"level":"info","message":"data saved","timestamp":"2016-10-16T17:59:32.107Z"}
{"level":"info","message":"mansisogani1207@gmail.com viewed profile","timestamp":"2016-10-16T18:00:17.309Z"}
{"level":"info","message":"mansisogani1207@gmail.com viewed profile","timestamp":"2016-10-16T18:00:25.070Z"}
{"level":"info","message":"data saved","timestamp":"2016-10-16T18:00:27.606Z"}
{"level":"info","message":"mansisogani1207@gmail.com viewed profile","timestamp":"2016-10-16T18:00:32.136Z"}
{"level":"info","message":"mansisogani1207@gmail.com viewed profile","timestamp":"2016-10-16T18:02:11.522Z"}
{"level":"info","message":"mansisogani1207@gmail.comviewed women clothing","timestamp":"2016-10-16T18:25:24.622Z"}
{"level":"info","message":"mansisogani1207@gmail.comviewed women clothing","timestamp":"2016-10-16T18:27:37.024Z"}
{"level":"info","message":"mansisogani1207@gmail.comviewed women clothing","timestamp":"2016-10-16T18:28:43.054Z"}
{"level":"info","message":"mansisogani1207@gmail.comviewed women clothing","timestamp":"2016-10-16T18:29:12.399Z"}
{"level":"info","message":"mansisogani1207@gmail.comviewed women clothing","timestamp":"2016-10-16T18:32:45.105Z"}
{"level":"info","message":"mansisogani1207@gmail.comviewed women clothing","timestamp":"2016-10-16T18:32:55.401Z"}
{"level":"info","message":"mansisogani1207@gmail.comviewed women clothing","timestamp":"2016-10-16T18:34:16.827Z"}
{"level":"info","message":"mansisogani1207@gmail.comviewed women clothing","timestamp":"2016-10-16T18:34:45.973Z"}
{"level":"info","message":"mansisogani1207@gmail.comviewed women clothing","timestamp":"2016-10-16T18:34:46.839Z"}
{"level":"info","message":"mansisogani1207@gmail.comviewed women clothing","timestamp":"2016-10-16T18:35:04.149Z"}
{"level":"info","message":"mansisogani1207@gmail.comviewed women clothing","timestamp":"2016-10-16T18:36:20.910Z"}
{"level":"info","message":"mansisogani1207@gmail.comviewed women clothing","timestamp":"2016-10-16T18:36:39.786Z"}
{"level":"info","message":"mansisogani1207@gmail.comviewed women clothing","timestamp":"2016-10-16T18:40:22.402Z"}
{"level":"info","message":"mansisogani1207@gmail.com viewed profile","timestamp":"2016-10-16T18:41:15.951Z"}
{"level":"info","message":"mansisogani1207@gmail.comviewed women clothing","timestamp":"2016-10-16T18:41:23.760Z"}
{"level":"info","message":"mansisogani1207@gmail.comviewed Bidding Products","timestamp":"2016-10-16T18:41:43.766Z"}
{"level":"info","message":"ho gaya{\"productlist\":[{\"email\":\"vishal.gangrade@accenture.com\",\"bidproductid\":3100,\"bidproductname\":\"Hair Straightner\",\"bidproductdescription\":\"LG 2-in-1 Straightner\",\"bidproductprice\":60,\"biddateposted\":\"2016-10-16T05:04:34.000Z\",\"bidtakenby\":\"vishal.gangrade@accenture.com\",\"bidcategory\":\"Electronics\",\"bidvalue\":0,\"BidCloses\":\"2016-10-20T05:04:34.000Z\"},{\"email\":\"vishal.gangrade@accenture.com\",\"bidproductid\":3200,\"bidproductname\":\"Galaxy 6\",\"bidproductdescription\":\"Grey Samsung Galaxy 6 \",\"bidproductprice\":420,\"biddateposted\":\"2016-10-16T05:05:22.000Z\",\"bidtakenby\":\"vishal.gangrade@accenture.com\",\"bidcategory\":\"Electronics\",\"bidvalue\":0,\"BidCloses\":\"2016-10-20T05:05:22.000Z\"},{\"email\":\"vishal.gangrade@accenture.com\",\"bidproductid\":3300,\"bidproductname\":\"iPad\",\"bidproductdescription\":\"Black iPad Pro Mini\",\"bidproductprice\":680,\"biddateposted\":\"2016-10-16T05:06:07.000Z\",\"bidtakenby\":\"vishal.gangrade@accenture.com\",\"bidcategory\":\"Electronics\",\"bidvalue\":0,\"BidCloses\":\"2016-10-20T05:06:07.000Z\"},{\"email\":\"vishal.gangrade@accenture.com\",\"bidproductid\":3400,\"bidproductname\":\"Power Bank\",\"bidproductdescription\":\"MI 5200mAH Power Bank\",\"bidproductprice\":120,\"biddateposted\":\"2016-10-16T05:06:56.000Z\",\"bidtakenby\":\"vishal.gangrade@accenture.com\",\"bidcategory\":\"Electronics\",\"bidvalue\":0,\"BidCloses\":\"2016-10-20T05:06:56.000Z\"},{\"email\":\"vishal.gangrade@accenture.com\",\"bidproductid\":3500,\"bidproductname\":\"Fit Bit\",\"bidproductdescription\":\"Pink Color Fit Bit\",\"bidproductprice\":200,\"biddateposted\":\"2016-10-16T05:07:53.000Z\",\"bidtakenby\":\"vishal.gangrade@accenture.com\",\"bidcategory\":\"Electronics\",\"bidvalue\":0,\"BidCloses\":\"2016-10-20T05:07:53.000Z\"}]}","timestamp":"2016-10-16T18:41:43.774Z"}
{"level":"info","message":"mansisogani1207@gmail.comviewed Bidding Products","timestamp":"2016-10-16T18:43:17.164Z"}
{"level":"info","message":"ho gaya{\"productlist\":[{\"email\":\"vishal.gangrade@accenture.com\",\"bidproductid\":3100,\"bidproductname\":\"Hair Straightner\",\"bidproductdescription\":\"LG 2-in-1 Straightner\",\"bidproductprice\":60,\"biddateposted\":\"2016-10-16T05:04:34.000Z\",\"bidtakenby\":\"vishal.gangrade@accenture.com\",\"bidcategory\":\"Electronics\",\"bidvalue\":0,\"BidCloses\":\"2016-10-20T05:04:34.000Z\"},{\"email\":\"vishal.gangrade@accenture.com\",\"bidproductid\":3200,\"bidproductname\":\"Galaxy 6\",\"bidproductdescription\":\"Grey Samsung Galaxy 6 \",\"bidproductprice\":420,\"biddateposted\":\"2016-10-16T05:05:22.000Z\",\"bidtakenby\":\"vishal.gangrade@accenture.com\",\"bidcategory\":\"Electronics\",\"bidvalue\":0,\"BidCloses\":\"2016-10-20T05:05:22.000Z\"},{\"email\":\"vishal.gangrade@accenture.com\",\"bidproductid\":3300,\"bidproductname\":\"iPad\",\"bidproductdescription\":\"Black iPad Pro Mini\",\"bidproductprice\":680,\"biddateposted\":\"2016-10-16T05:06:07.000Z\",\"bidtakenby\":\"vishal.gangrade@accenture.com\",\"bidcategory\":\"Electronics\",\"bidvalue\":0,\"BidCloses\":\"2016-10-20T05:06:07.000Z\"},{\"email\":\"vishal.gangrade@accenture.com\",\"bidproductid\":3400,\"bidproductname\":\"Power Bank\",\"bidproductdescription\":\"MI 5200mAH Power Bank\",\"bidproductprice\":120,\"biddateposted\":\"2016-10-16T05:06:56.000Z\",\"bidtakenby\":\"vishal.gangrade@accenture.com\",\"bidcategory\":\"Electronics\",\"bidvalue\":0,\"BidCloses\":\"2016-10-20T05:06:56.000Z\"},{\"email\":\"vishal.gangrade@accenture.com\",\"bidproductid\":3500,\"bidproductname\":\"Fit Bit\",\"bidproductdescription\":\"Pink Color Fit Bit\",\"bidproductprice\":200,\"biddateposted\":\"2016-10-16T05:07:53.000Z\",\"bidtakenby\":\"vishal.gangrade@accenture.com\",\"bidcategory\":\"Electronics\",\"bidvalue\":0,\"BidCloses\":\"2016-10-20T05:07:53.000Z\"}]}","timestamp":"2016-10-16T18:43:17.201Z"}
{"level":"info","message":"mansisogani1207@gmail.comviewed Bidding Products","timestamp":"2016-10-16T18:51:21.143Z"}
{"level":"info","message":"ho gaya{\"productlist\":[{\"email\":\"vishal.gangrade@accenture.com\",\"bidproductid\":3100,\"bidproductname\":\"Hair Straightner\",\"bidproductdescription\":\"LG 2-in-1 Straightner\",\"bidproductprice\":60,\"biddateposted\":\"2016-10-16T05:04:34.000Z\",\"bidtakenby\":\"vishal.gangrade@accenture.com\",\"bidcategory\":\"Electronics\",\"bidvalue\":0,\"BidCloses\":\"2016-10-20T05:04:34.000Z\"},{\"email\":\"vishal.gangrade@accenture.com\",\"bidproductid\":3200,\"bidproductname\":\"Galaxy 6\",\"bidproductdescription\":\"Grey Samsung Galaxy 6 \",\"bidproductprice\":420,\"biddateposted\":\"2016-10-16T05:05:22.000Z\",\"bidtakenby\":\"vishal.gangrade@accenture.com\",\"bidcategory\":\"Electronics\",\"bidvalue\":0,\"BidCloses\":\"2016-10-20T05:05:22.000Z\"},{\"email\":\"vishal.gangrade@accenture.com\",\"bidproductid\":3300,\"bidproductname\":\"iPad\",\"bidproductdescription\":\"Black iPad Pro Mini\",\"bidproductprice\":680,\"biddateposted\":\"2016-10-16T05:06:07.000Z\",\"bidtakenby\":\"vishal.gangrade@accenture.com\",\"bidcategory\":\"Electronics\",\"bidvalue\":0,\"BidCloses\":\"2016-10-20T05:06:07.000Z\"},{\"email\":\"vishal.gangrade@accenture.com\",\"bidproductid\":3400,\"bidproductname\":\"Power Bank\",\"bidproductdescription\":\"MI 5200mAH Power Bank\",\"bidproductprice\":120,\"biddateposted\":\"2016-10-16T05:06:56.000Z\",\"bidtakenby\":\"vishal.gangrade@accenture.com\",\"bidcategory\":\"Electronics\",\"bidvalue\":0,\"BidCloses\":\"2016-10-20T05:06:56.000Z\"},{\"email\":\"vishal.gangrade@accenture.com\",\"bidproductid\":3500,\"bidproductname\":\"Fit Bit\",\"bidproductdescription\":\"Pink Color Fit Bit\",\"bidproductprice\":200,\"biddateposted\":\"2016-10-16T05:07:53.000Z\",\"bidtakenby\":\"vishal.gangrade@accenture.com\",\"bidcategory\":\"Electronics\",\"bidvalue\":0,\"BidCloses\":\"2016-10-20T05:07:53.000Z\"}]}","timestamp":"2016-10-16T18:51:21.161Z"}
{"level":"info","message":"mansisogani1207@gmail.comviewed Bidding Products","timestamp":"2016-10-16T18:51:38.791Z"}
{"level":"info","message":"ho gaya{\"productlist\":[{\"email\":\"vishal.gangrade@accenture.com\",\"bidproductid\":3100,\"bidproductname\":\"Hair Straightner\",\"bidproductdescription\":\"LG 2-in-1 Straightner\",\"bidproductprice\":60,\"biddateposted\":\"2016-10-16T05:04:34.000Z\",\"bidtakenby\":\"vishal.gangrade@accenture.com\",\"bidcategory\":\"Electronics\",\"bidvalue\":0,\"BidCloses\":\"2016-10-20T05:04:34.000Z\"},{\"email\":\"vishal.gangrade@accenture.com\",\"bidproductid\":3200,\"bidproductname\":\"Galaxy 6\",\"bidproductdescription\":\"Grey Samsung Galaxy 6 \",\"bidproductprice\":420,\"biddateposted\":\"2016-10-16T05:05:22.000Z\",\"bidtakenby\":\"vishal.gangrade@accenture.com\",\"bidcategory\":\"Electronics\",\"bidvalue\":0,\"BidCloses\":\"2016-10-20T05:05:22.000Z\"},{\"email\":\"vishal.gangrade@accenture.com\",\"bidproductid\":3300,\"bidproductname\":\"iPad\",\"bidproductdescription\":\"Black iPad Pro Mini\",\"bidproductprice\":680,\"biddateposted\":\"2016-10-16T05:06:07.000Z\",\"bidtakenby\":\"vishal.gangrade@accenture.com\",\"bidcategory\":\"Electronics\",\"bidvalue\":0,\"BidCloses\":\"2016-10-20T05:06:07.000Z\"},{\"email\":\"vishal.gangrade@accenture.com\",\"bidproductid\":3400,\"bidproductname\":\"Power Bank\",\"bidproductdescription\":\"MI 5200mAH Power Bank\",\"bidproductprice\":120,\"biddateposted\":\"2016-10-16T05:06:56.000Z\",\"bidtakenby\":\"vishal.gangrade@accenture.com\",\"bidcategory\":\"Electronics\",\"bidvalue\":0,\"BidCloses\":\"2016-10-20T05:06:56.000Z\"},{\"email\":\"vishal.gangrade@accenture.com\",\"bidproductid\":3500,\"bidproductname\":\"Fit Bit\",\"bidproductdescription\":\"Pink Color Fit Bit\",\"bidproductprice\":200,\"biddateposted\":\"2016-10-16T05:07:53.000Z\",\"bidtakenby\":\"vishal.gangrade@accenture.com\",\"bidcategory\":\"Electronics\",\"bidvalue\":0,\"BidCloses\":\"2016-10-20T05:07:53.000Z\"}]}","timestamp":"2016-10-16T18:51:38.818Z"}
{"level":"info","message":"mansisogani1207@gmail.comviewed Bidding Products","timestamp":"2016-10-16T18:51:51.966Z"}
{"level":"info","message":"ho gaya{\"productlist\":[{\"email\":\"vishal.gangrade@accenture.com\",\"bidproductid\":3100,\"bidproductname\":\"Hair Straightner\",\"bidproductdescription\":\"LG 2-in-1 Straightner\",\"bidproductprice\":60,\"biddateposted\":\"2016-10-16T05:04:34.000Z\",\"bidtakenby\":\"vishal.gangrade@accenture.com\",\"bidcategory\":\"Electronics\",\"bidvalue\":0,\"BidCloses\":\"2016-10-20T05:04:34.000Z\"},{\"email\":\"vishal.gangrade@accenture.com\",\"bidproductid\":3200,\"bidproductname\":\"Galaxy 6\",\"bidproductdescription\":\"Grey Samsung Galaxy 6 \",\"bidproductprice\":420,\"biddateposted\":\"2016-10-16T05:05:22.000Z\",\"bidtakenby\":\"vishal.gangrade@accenture.com\",\"bidcategory\":\"Electronics\",\"bidvalue\":0,\"BidCloses\":\"2016-10-20T05:05:22.000Z\"},{\"email\":\"vishal.gangrade@accenture.com\",\"bidproductid\":3300,\"bidproductname\":\"iPad\",\"bidproductdescription\":\"Black iPad Pro Mini\",\"bidproductprice\":680,\"biddateposted\":\"2016-10-16T05:06:07.000Z\",\"bidtakenby\":\"vishal.gangrade@accenture.com\",\"bidcategory\":\"Electronics\",\"bidvalue\":0,\"BidCloses\":\"2016-10-20T05:06:07.000Z\"},{\"email\":\"vishal.gangrade@accenture.com\",\"bidproductid\":3400,\"bidproductname\":\"Power Bank\",\"bidproductdescription\":\"MI 5200mAH Power Bank\",\"bidproductprice\":120,\"biddateposted\":\"2016-10-16T05:06:56.000Z\",\"bidtakenby\":\"vishal.gangrade@accenture.com\",\"bidcategory\":\"Electronics\",\"bidvalue\":0,\"BidCloses\":\"2016-10-20T05:06:56.000Z\"},{\"email\":\"vishal.gangrade@accenture.com\",\"bidproductid\":3500,\"bidproductname\":\"Fit Bit\",\"bidproductdescription\":\"Pink Color Fit Bit\",\"bidproductprice\":200,\"biddateposted\":\"2016-10-16T05:07:53.000Z\",\"bidtakenby\":\"vishal.gangrade@accenture.com\",\"bidcategory\":\"Electronics\",\"bidvalue\":0,\"BidCloses\":\"2016-10-20T05:07:53.000Z\"}]}","timestamp":"2016-10-16T18:51:51.976Z"}
{"level":"info","message":"mansisogani1207@gmail.comviewed Bidding Products","timestamp":"2016-10-16T18:52:30.619Z"}
{"level":"info","message":"ho gaya{\"productlist\":[{\"email\":\"vishal.gangrade@accenture.com\",\"bidproductid\":3100,\"bidproductname\":\"Hair Straightner\",\"bidproductdescription\":\"LG 2-in-1 Straightner\",\"bidproductprice\":60,\"biddateposted\":\"2016-10-16T05:04:34.000Z\",\"bidtakenby\":\"vishal.gangrade@accenture.com\",\"bidcategory\":\"Electronics\",\"bidvalue\":0,\"BidCloses\":\"2016-10-20T05:04:34.000Z\"},{\"email\":\"vishal.gangrade@accenture.com\",\"bidproductid\":3200,\"bidproductname\":\"Galaxy 6\",\"bidproductdescription\":\"Grey Samsung Galaxy 6 \",\"bidproductprice\":420,\"biddateposted\":\"2016-10-16T05:05:22.000Z\",\"bidtakenby\":\"vishal.gangrade@accenture.com\",\"bidcategory\":\"Electronics\",\"bidvalue\":0,\"BidCloses\":\"2016-10-20T05:05:22.000Z\"},{\"email\":\"vishal.gangrade@accenture.com\",\"bidproductid\":3300,\"bidproductname\":\"iPad\",\"bidproductdescription\":\"Black iPad Pro Mini\",\"bidproductprice\":680,\"biddateposted\":\"2016-10-16T05:06:07.000Z\",\"bidtakenby\":\"vishal.gangrade@accenture.com\",\"bidcategory\":\"Electronics\",\"bidvalue\":0,\"BidCloses\":\"2016-10-20T05:06:07.000Z\"},{\"email\":\"vishal.gangrade@accenture.com\",\"bidproductid\":3400,\"bidproductname\":\"Power Bank\",\"bidproductdescription\":\"MI 5200mAH Power Bank\",\"bidproductprice\":120,\"biddateposted\":\"2016-10-16T05:06:56.000Z\",\"bidtakenby\":\"vishal.gangrade@accenture.com\",\"bidcategory\":\"Electronics\",\"bidvalue\":0,\"BidCloses\":\"2016-10-20T05:06:56.000Z\"},{\"email\":\"vishal.gangrade@accenture.com\",\"bidproductid\":3500,\"bidproductname\":\"Fit Bit\",\"bidproductdescription\":\"Pink Color Fit Bit\",\"bidproductprice\":200,\"biddateposted\":\"2016-10-16T05:07:53.000Z\",\"bidtakenby\":\"vishal.gangrade@accenture.com\",\"bidcategory\":\"Electronics\",\"bidvalue\":0,\"BidCloses\":\"2016-10-20T05:07:53.000Z\"}]}","timestamp":"2016-10-16T18:52:30.627Z"}
{"level":"info","message":"mansisogani1207@gmail.comviewed Bidding Products","timestamp":"2016-10-16T18:52:44.399Z"}
{"level":"info","message":"ho gaya{\"productlist\":[{\"email\":\"vishal.gangrade@accenture.com\",\"bidproductid\":3100,\"bidproductname\":\"Hair Straightner\",\"bidproductdescription\":\"LG 2-in-1 Straightner\",\"bidproductprice\":60,\"biddateposted\":\"2016-10-16T05:04:34.000Z\",\"bidtakenby\":\"vishal.gangrade@accenture.com\",\"bidcategory\":\"Electronics\",\"bidvalue\":0,\"BidCloses\":\"2016-10-20T05:04:34.000Z\"},{\"email\":\"vishal.gangrade@accenture.com\",\"bidproductid\":3200,\"bidproductname\":\"Galaxy 6\",\"bidproductdescription\":\"Grey Samsung Galaxy 6 \",\"bidproductprice\":420,\"biddateposted\":\"2016-10-16T05:05:22.000Z\",\"bidtakenby\":\"vishal.gangrade@accenture.com\",\"bidcategory\":\"Electronics\",\"bidvalue\":0,\"BidCloses\":\"2016-10-20T05:05:22.000Z\"},{\"email\":\"vishal.gangrade@accenture.com\",\"bidproductid\":3300,\"bidproductname\":\"iPad\",\"bidproductdescription\":\"Black iPad Pro Mini\",\"bidproductprice\":680,\"biddateposted\":\"2016-10-16T05:06:07.000Z\",\"bidtakenby\":\"vishal.gangrade@accenture.com\",\"bidcategory\":\"Electronics\",\"bidvalue\":0,\"BidCloses\":\"2016-10-20T05:06:07.000Z\"},{\"email\":\"vishal.gangrade@accenture.com\",\"bidproductid\":3400,\"bidproductname\":\"Power Bank\",\"bidproductdescription\":\"MI 5200mAH Power Bank\",\"bidproductprice\":120,\"biddateposted\":\"2016-10-16T05:06:56.000Z\",\"bidtakenby\":\"vishal.gangrade@accenture.com\",\"bidcategory\":\"Electronics\",\"bidvalue\":0,\"BidCloses\":\"2016-10-20T05:06:56.000Z\"},{\"email\":\"vishal.gangrade@accenture.com\",\"bidproductid\":3500,\"bidproductname\":\"Fit Bit\",\"bidproductdescription\":\"Pink Color Fit Bit\",\"bidproductprice\":200,\"biddateposted\":\"2016-10-16T05:07:53.000Z\",\"bidtakenby\":\"vishal.gangrade@accenture.com\",\"bidcategory\":\"Electronics\",\"bidvalue\":0,\"BidCloses\":\"2016-10-20T05:07:53.000Z\"}]}","timestamp":"2016-10-16T18:52:44.406Z"}
{"level":"info","message":"mansisogani1207@gmail.comviewed Bidding Products","timestamp":"2016-10-16T18:53:04.807Z"}
{"level":"info","message":"ho gaya{\"productlist\":[{\"email\":\"vishal.gangrade@accenture.com\",\"bidproductid\":3100,\"bidproductname\":\"Hair Straightner\",\"bidproductdescription\":\"LG 2-in-1 Straightner\",\"bidproductprice\":60,\"biddateposted\":\"2016-10-16T05:04:34.000Z\",\"bidtakenby\":\"vishal.gangrade@accenture.com\",\"bidcategory\":\"Electronics\",\"bidvalue\":0,\"BidCloses\":\"2016-10-20T05:04:34.000Z\"},{\"email\":\"vishal.gangrade@accenture.com\",\"bidproductid\":3200,\"bidproductname\":\"Galaxy 6\",\"bidproductdescription\":\"Grey Samsung Galaxy 6 \",\"bidproductprice\":420,\"biddateposted\":\"2016-10-16T05:05:22.000Z\",\"bidtakenby\":\"vishal.gangrade@accenture.com\",\"bidcategory\":\"Electronics\",\"bidvalue\":0,\"BidCloses\":\"2016-10-20T05:05:22.000Z\"},{\"email\":\"vishal.gangrade@accenture.com\",\"bidproductid\":3300,\"bidproductname\":\"iPad\",\"bidproductdescription\":\"Black iPad Pro Mini\",\"bidproductprice\":680,\"biddateposted\":\"2016-10-16T05:06:07.000Z\",\"bidtakenby\":\"vishal.gangrade@accenture.com\",\"bidcategory\":\"Electronics\",\"bidvalue\":0,\"BidCloses\":\"2016-10-20T05:06:07.000Z\"},{\"email\":\"vishal.gangrade@accenture.com\",\"bidproductid\":3400,\"bidproductname\":\"Power Bank\",\"bidproductdescription\":\"MI 5200mAH Power Bank\",\"bidproductprice\":120,\"biddateposted\":\"2016-10-16T05:06:56.000Z\",\"bidtakenby\":\"vishal.gangrade@accenture.com\",\"bidcategory\":\"Electronics\",\"bidvalue\":0,\"BidCloses\":\"2016-10-20T05:06:56.000Z\"},{\"email\":\"vishal.gangrade@accenture.com\",\"bidproductid\":3500,\"bidproductname\":\"Fit Bit\",\"bidproductdescription\":\"Pink Color Fit Bit\",\"bidproductprice\":200,\"biddateposted\":\"2016-10-16T05:07:53.000Z\",\"bidtakenby\":\"vishal.gangrade@accenture.com\",\"bidcategory\":\"Electronics\",\"bidvalue\":0,\"BidCloses\":\"2016-10-20T05:07:53.000Z\"}]}","timestamp":"2016-10-16T18:53:04.813Z"}
{"level":"info","message":"mansisogani1207@gmail.comviewed Bidding Products","timestamp":"2016-10-16T18:53:15.447Z"}
{"level":"info","message":"ho gaya{\"productlist\":[{\"email\":\"vishal.gangrade@accenture.com\",\"bidproductid\":3100,\"bidproductname\":\"Hair Straightner\",\"bidproductdescription\":\"LG 2-in-1 Straightner\",\"bidproductprice\":60,\"biddateposted\":\"2016-10-16T05:04:34.000Z\",\"bidtakenby\":\"vishal.gangrade@accenture.com\",\"bidcategory\":\"Electronics\",\"bidvalue\":0,\"BidCloses\":\"2016-10-20T05:04:34.000Z\"},{\"email\":\"vishal.gangrade@accenture.com\",\"bidproductid\":3200,\"bidproductname\":\"Galaxy 6\",\"bidproductdescription\":\"Grey Samsung Galaxy 6 \",\"bidproductprice\":420,\"biddateposted\":\"2016-10-16T05:05:22.000Z\",\"bidtakenby\":\"vishal.gangrade@accenture.com\",\"bidcategory\":\"Electronics\",\"bidvalue\":0,\"BidCloses\":\"2016-10-20T05:05:22.000Z\"},{\"email\":\"vishal.gangrade@accenture.com\",\"bidproductid\":3300,\"bidproductname\":\"iPad\",\"bidproductdescription\":\"Black iPad Pro Mini\",\"bidproductprice\":680,\"biddateposted\":\"2016-10-16T05:06:07.000Z\",\"bidtakenby\":\"vishal.gangrade@accenture.com\",\"bidcategory\":\"Electronics\",\"bidvalue\":0,\"BidCloses\":\"2016-10-20T05:06:07.000Z\"},{\"email\":\"vishal.gangrade@accenture.com\",\"bidproductid\":3400,\"bidproductname\":\"Power Bank\",\"bidproductdescription\":\"MI 5200mAH Power Bank\",\"bidproductprice\":120,\"biddateposted\":\"2016-10-16T05:06:56.000Z\",\"bidtakenby\":\"vishal.gangrade@accenture.com\",\"bidcategory\":\"Electronics\",\"bidvalue\":0,\"BidCloses\":\"2016-10-20T05:06:56.000Z\"},{\"email\":\"vishal.gangrade@accenture.com\",\"bidproductid\":3500,\"bidproductname\":\"Fit Bit\",\"bidproductdescription\":\"Pink Color Fit Bit\",\"bidproductprice\":200,\"biddateposted\":\"2016-10-16T05:07:53.000Z\",\"bidtakenby\":\"vishal.gangrade@accenture.com\",\"bidcategory\":\"Electronics\",\"bidvalue\":0,\"BidCloses\":\"2016-10-20T05:07:53.000Z\"}]}","timestamp":"2016-10-16T18:53:15.484Z"}
{"level":"info","message":"mansisogani1207@gmail.comviewed Bidding Products","timestamp":"2016-10-16T18:54:35.949Z"}
{"level":"info","message":"ho gaya{\"productlist\":[{\"email\":\"vishal.gangrade@accenture.com\",\"bidproductid\":3100,\"bidproductname\":\"Hair Straightner\",\"bidproductdescription\":\"LG 2-in-1 Straightner\",\"bidproductprice\":60,\"biddateposted\":\"2016-10-16T05:04:34.000Z\",\"bidtakenby\":\"vishal.gangrade@accenture.com\",\"bidcategory\":\"Electronics\",\"bidvalue\":0,\"BidCloses\":\"2016-10-20T05:04:34.000Z\"},{\"email\":\"vishal.gangrade@accenture.com\",\"bidproductid\":3200,\"bidproductname\":\"Galaxy 6\",\"bidproductdescription\":\"Grey Samsung Galaxy 6 \",\"bidproductprice\":420,\"biddateposted\":\"2016-10-16T05:05:22.000Z\",\"bidtakenby\":\"vishal.gangrade@accenture.com\",\"bidcategory\":\"Electronics\",\"bidvalue\":0,\"BidCloses\":\"2016-10-20T05:05:22.000Z\"},{\"email\":\"vishal.gangrade@accenture.com\",\"bidproductid\":3300,\"bidproductname\":\"iPad\",\"bidproductdescription\":\"Black iPad Pro Mini\",\"bidproductprice\":680,\"biddateposted\":\"2016-10-16T05:06:07.000Z\",\"bidtakenby\":\"vishal.gangrade@accenture.com\",\"bidcategory\":\"Electronics\",\"bidvalue\":0,\"BidCloses\":\"2016-10-20T05:06:07.000Z\"},{\"email\":\"vishal.gangrade@accenture.com\",\"bidproductid\":3400,\"bidproductname\":\"Power Bank\",\"bidproductdescription\":\"MI 5200mAH Power Bank\",\"bidproductprice\":120,\"biddateposted\":\"2016-10-16T05:06:56.000Z\",\"bidtakenby\":\"vishal.gangrade@accenture.com\",\"bidcategory\":\"Electronics\",\"bidvalue\":0,\"BidCloses\":\"2016-10-20T05:06:56.000Z\"},{\"email\":\"vishal.gangrade@accenture.com\",\"bidproductid\":3500,\"bidproductname\":\"Fit Bit\",\"bidproductdescription\":\"Pink Color Fit Bit\",\"bidproductprice\":200,\"biddateposted\":\"2016-10-16T05:07:53.000Z\",\"bidtakenby\":\"vishal.gangrade@accenture.com\",\"bidcategory\":\"Electronics\",\"bidvalue\":0,\"BidCloses\":\"2016-10-20T05:07:53.000Z\"}]}","timestamp":"2016-10-16T18:54:35.955Z"}
{"level":"info","message":"mansisogani1207@gmail.comviewed Bidding Products","timestamp":"2016-10-16T18:54:47.106Z"}
{"level":"info","message":"ho gaya{\"productlist\":[{\"email\":\"vishal.gangrade@accenture.com\",\"bidproductid\":3100,\"bidproductname\":\"Hair Straightner\",\"bidproductdescription\":\"LG 2-in-1 Straightner\",\"bidproductprice\":60,\"biddateposted\":\"2016-10-16T05:04:34.000Z\",\"bidtakenby\":\"vishal.gangrade@accenture.com\",\"bidcategory\":\"Electronics\",\"bidvalue\":0,\"BidCloses\":\"2016-10-20T05:04:34.000Z\"},{\"email\":\"vishal.gangrade@accenture.com\",\"bidproductid\":3200,\"bidproductname\":\"Galaxy 6\",\"bidproductdescription\":\"Grey Samsung Galaxy 6 \",\"bidproductprice\":420,\"biddateposted\":\"2016-10-16T05:05:22.000Z\",\"bidtakenby\":\"vishal.gangrade@accenture.com\",\"bidcategory\":\"Electronics\",\"bidvalue\":0,\"BidCloses\":\"2016-10-20T05:05:22.000Z\"},{\"email\":\"vishal.gangrade@accenture.com\",\"bidproductid\":3300,\"bidproductname\":\"iPad\",\"bidproductdescription\":\"Black iPad Pro Mini\",\"bidproductprice\":680,\"biddateposted\":\"2016-10-16T05:06:07.000Z\",\"bidtakenby\":\"vishal.gangrade@accenture.com\",\"bidcategory\":\"Electronics\",\"bidvalue\":0,\"BidCloses\":\"2016-10-20T05:06:07.000Z\"},{\"email\":\"vishal.gangrade@accenture.com\",\"bidproductid\":3400,\"bidproductname\":\"Power Bank\",\"bidproductdescription\":\"MI 5200mAH Power Bank\",\"bidproductprice\":120,\"biddateposted\":\"2016-10-16T05:06:56.000Z\",\"bidtakenby\":\"vishal.gangrade@accenture.com\",\"bidcategory\":\"Electronics\",\"bidvalue\":0,\"BidCloses\":\"2016-10-20T05:06:56.000Z\"},{\"email\":\"vishal.gangrade@accenture.com\",\"bidproductid\":3500,\"bidproductname\":\"Fit Bit\",\"bidproductdescription\":\"Pink Color Fit Bit\",\"bidproductprice\":200,\"biddateposted\":\"2016-10-16T05:07:53.000Z\",\"bidtakenby\":\"vishal.gangrade@accenture.com\",\"bidcategory\":\"Electronics\",\"bidvalue\":0,\"BidCloses\":\"2016-10-20T05:07:53.000Z\"}]}","timestamp":"2016-10-16T18:54:47.112Z"}
{"level":"info","message":"mansisogani1207@gmail.comviewed Bidding Products","timestamp":"2016-10-16T18:55:12.481Z"}
{"level":"info","message":"ho gaya{\"productlist\":[{\"email\":\"vishal.gangrade@accenture.com\",\"bidproductid\":3100,\"bidproductname\":\"Hair Straightner\",\"bidproductdescription\":\"LG 2-in-1 Straightner\",\"bidproductprice\":60,\"biddateposted\":\"2016-10-16T05:04:34.000Z\",\"bidtakenby\":\"vishal.gangrade@accenture.com\",\"bidcategory\":\"Electronics\",\"bidvalue\":0,\"BidCloses\":\"2016-10-20T05:04:34.000Z\"},{\"email\":\"vishal.gangrade@accenture.com\",\"bidproductid\":3200,\"bidproductname\":\"Galaxy 6\",\"bidproductdescription\":\"Grey Samsung Galaxy 6 \",\"bidproductprice\":420,\"biddateposted\":\"2016-10-16T05:05:22.000Z\",\"bidtakenby\":\"vishal.gangrade@accenture.com\",\"bidcategory\":\"Electronics\",\"bidvalue\":0,\"BidCloses\":\"2016-10-20T05:05:22.000Z\"},{\"email\":\"vishal.gangrade@accenture.com\",\"bidproductid\":3300,\"bidproductname\":\"iPad\",\"bidproductdescription\":\"Black iPad Pro Mini\",\"bidproductprice\":680,\"biddateposted\":\"2016-10-16T05:06:07.000Z\",\"bidtakenby\":\"vishal.gangrade@accenture.com\",\"bidcategory\":\"Electronics\",\"bidvalue\":0,\"BidCloses\":\"2016-10-20T05:06:07.000Z\"},{\"email\":\"vishal.gangrade@accenture.com\",\"bidproductid\":3400,\"bidproductname\":\"Power Bank\",\"bidproductdescription\":\"MI 5200mAH Power Bank\",\"bidproductprice\":120,\"biddateposted\":\"2016-10-16T05:06:56.000Z\",\"bidtakenby\":\"vishal.gangrade@accenture.com\",\"bidcategory\":\"Electronics\",\"bidvalue\":0,\"BidCloses\":\"2016-10-20T05:06:56.000Z\"},{\"email\":\"vishal.gangrade@accenture.com\",\"bidproductid\":3500,\"bidproductname\":\"Fit Bit\",\"bidproductdescription\":\"Pink Color Fit Bit\",\"bidproductprice\":200,\"biddateposted\":\"2016-10-16T05:07:53.000Z\",\"bidtakenby\":\"vishal.gangrade@accenture.com\",\"bidcategory\":\"Electronics\",\"bidvalue\":0,\"BidCloses\":\"2016-10-20T05:07:53.000Z\"}]}","timestamp":"2016-10-16T18:55:12.489Z"}
{"level":"info","message":"mansisogani1207@gmail.comviewed Bidding Products","timestamp":"2016-10-16T18:55:32.408Z"}
{"level":"info","message":"ho gaya{\"productlist\":[{\"email\":\"vishal.gangrade@accenture.com\",\"bidproductid\":3100,\"bidproductname\":\"Hair Straightner\",\"bidproductdescription\":\"LG 2-in-1 Straightner\",\"bidproductprice\":60,\"biddateposted\":\"2016-10-16T05:04:34.000Z\",\"bidtakenby\":\"vishal.gangrade@accenture.com\",\"bidcategory\":\"Electronics\",\"bidvalue\":0,\"BidCloses\":\"2016-10-20T05:04:34.000Z\"},{\"email\":\"vishal.gangrade@accenture.com\",\"bidproductid\":3200,\"bidproductname\":\"Galaxy 6\",\"bidproductdescription\":\"Grey Samsung Galaxy 6 \",\"bidproductprice\":420,\"biddateposted\":\"2016-10-16T05:05:22.000Z\",\"bidtakenby\":\"vishal.gangrade@accenture.com\",\"bidcategory\":\"Electronics\",\"bidvalue\":0,\"BidCloses\":\"2016-10-20T05:05:22.000Z\"},{\"email\":\"vishal.gangrade@accenture.com\",\"bidproductid\":3300,\"bidproductname\":\"iPad\",\"bidproductdescription\":\"Black iPad Pro Mini\",\"bidproductprice\":680,\"biddateposted\":\"2016-10-16T05:06:07.000Z\",\"bidtakenby\":\"vishal.gangrade@accenture.com\",\"bidcategory\":\"Electronics\",\"bidvalue\":0,\"BidCloses\":\"2016-10-20T05:06:07.000Z\"},{\"email\":\"vishal.gangrade@accenture.com\",\"bidproductid\":3400,\"bidproductname\":\"Power Bank\",\"bidproductdescription\":\"MI 5200mAH Power Bank\",\"bidproductprice\":120,\"biddateposted\":\"2016-10-16T05:06:56.000Z\",\"bidtakenby\":\"vishal.gangrade@accenture.com\",\"bidcategory\":\"Electronics\",\"bidvalue\":0,\"BidCloses\":\"2016-10-20T05:06:56.000Z\"},{\"email\":\"vishal.gangrade@accenture.com\",\"bidproductid\":3500,\"bidproductname\":\"Fit Bit\",\"bidproductdescription\":\"Pink Color Fit Bit\",\"bidproductprice\":200,\"biddateposted\":\"2016-10-16T05:07:53.000Z\",\"bidtakenby\":\"vishal.gangrade@accenture.com\",\"bidcategory\":\"Electronics\",\"bidvalue\":0,\"BidCloses\":\"2016-10-20T05:07:53.000Z\"}]}","timestamp":"2016-10-16T18:55:32.416Z"}
{"level":"info","message":"mansisogani1207@gmail.comviewed Bidding Products","timestamp":"2016-10-16T18:55:49.796Z"}
{"level":"info","message":"ho gaya{\"productlist\":[{\"email\":\"vishal.gangrade@accenture.com\",\"bidproductid\":3100,\"bidproductname\":\"Hair Straightner\",\"bidproductdescription\":\"LG 2-in-1 Straightner\",\"bidproductprice\":60,\"biddateposted\":\"2016-10-16T05:04:34.000Z\",\"bidtakenby\":\"vishal.gangrade@accenture.com\",\"bidcategory\":\"Electronics\",\"bidvalue\":0,\"BidCloses\":\"2016-10-20T05:04:34.000Z\"},{\"email\":\"vishal.gangrade@accenture.com\",\"bidproductid\":3200,\"bidproductname\":\"Galaxy 6\",\"bidproductdescription\":\"Grey Samsung Galaxy 6 \",\"bidproductprice\":420,\"biddateposted\":\"2016-10-16T05:05:22.000Z\",\"bidtakenby\":\"vishal.gangrade@accenture.com\",\"bidcategory\":\"Electronics\",\"bidvalue\":0,\"BidCloses\":\"2016-10-20T05:05:22.000Z\"},{\"email\":\"vishal.gangrade@accenture.com\",\"bidproductid\":3300,\"bidproductname\":\"iPad\",\"bidproductdescription\":\"Black iPad Pro Mini\",\"bidproductprice\":680,\"biddateposted\":\"2016-10-16T05:06:07.000Z\",\"bidtakenby\":\"vishal.gangrade@accenture.com\",\"bidcategory\":\"Electronics\",\"bidvalue\":0,\"BidCloses\":\"2016-10-20T05:06:07.000Z\"},{\"email\":\"vishal.gangrade@accenture.com\",\"bidproductid\":3400,\"bidproductname\":\"Power Bank\",\"bidproductdescription\":\"MI 5200mAH Power Bank\",\"bidproductprice\":120,\"biddateposted\":\"2016-10-16T05:06:56.000Z\",\"bidtakenby\":\"vishal.gangrade@accenture.com\",\"bidcategory\":\"Electronics\",\"bidvalue\":0,\"BidCloses\":\"2016-10-20T05:06:56.000Z\"},{\"email\":\"vishal.gangrade@accenture.com\",\"bidproductid\":3500,\"bidproductname\":\"Fit Bit\",\"bidproductdescription\":\"Pink Color Fit Bit\",\"bidproductprice\":200,\"biddateposted\":\"2016-10-16T05:07:53.000Z\",\"bidtakenby\":\"vishal.gangrade@accenture.com\",\"bidcategory\":\"Electronics\",\"bidvalue\":0,\"BidCloses\":\"2016-10-20T05:07:53.000Z\"}]}","timestamp":"2016-10-16T18:55:49.804Z"}
{"level":"info","message":"mansisogani1207@gmail.comviewed Bidding Products","timestamp":"2016-10-16T18:55:57.248Z"}
{"level":"info","message":"ho gaya{\"productlist\":[{\"email\":\"vishal.gangrade@accenture.com\",\"bidproductid\":3100,\"bidproductname\":\"Hair Straightner\",\"bidproductdescription\":\"LG 2-in-1 Straightner\",\"bidproductprice\":60,\"biddateposted\":\"2016-10-16T05:04:34.000Z\",\"bidtakenby\":\"vishal.gangrade@accenture.com\",\"bidcategory\":\"Electronics\",\"bidvalue\":0,\"BidCloses\":\"2016-10-20T05:04:34.000Z\"},{\"email\":\"vishal.gangrade@accenture.com\",\"bidproductid\":3200,\"bidproductname\":\"Galaxy 6\",\"bidproductdescription\":\"Grey Samsung Galaxy 6 \",\"bidproductprice\":420,\"biddateposted\":\"2016-10-16T05:05:22.000Z\",\"bidtakenby\":\"vishal.gangrade@accenture.com\",\"bidcategory\":\"Electronics\",\"bidvalue\":0,\"BidCloses\":\"2016-10-20T05:05:22.000Z\"},{\"email\":\"vishal.gangrade@accenture.com\",\"bidproductid\":3300,\"bidproductname\":\"iPad\",\"bidproductdescription\":\"Black iPad Pro Mini\",\"bidproductprice\":680,\"biddateposted\":\"2016-10-16T05:06:07.000Z\",\"bidtakenby\":\"vishal.gangrade@accenture.com\",\"bidcategory\":\"Electronics\",\"bidvalue\":0,\"BidCloses\":\"2016-10-20T05:06:07.000Z\"},{\"email\":\"vishal.gangrade@accenture.com\",\"bidproductid\":3400,\"bidproductname\":\"Power Bank\",\"bidproductdescription\":\"MI 5200mAH Power Bank\",\"bidproductprice\":120,\"biddateposted\":\"2016-10-16T05:06:56.000Z\",\"bidtakenby\":\"vishal.gangrade@accenture.com\",\"bidcategory\":\"Electronics\",\"bidvalue\":0,\"BidCloses\":\"2016-10-20T05:06:56.000Z\"},{\"email\":\"vishal.gangrade@accenture.com\",\"bidproductid\":3500,\"bidproductname\":\"Fit Bit\",\"bidproductdescription\":\"Pink Color Fit Bit\",\"bidproductprice\":200,\"biddateposted\":\"2016-10-16T05:07:53.000Z\",\"bidtakenby\":\"vishal.gangrade@accenture.com\",\"bidcategory\":\"Electronics\",\"bidvalue\":0,\"BidCloses\":\"2016-10-20T05:07:53.000Z\"}]}","timestamp":"2016-10-16T18:55:57.256Z"}
{"level":"info","message":"mansisogani1207@gmail.comviewed Bidding Products","timestamp":"2016-10-16T18:56:12.530Z"}
{"level":"info","message":"ho gaya{\"productlist\":[{\"email\":\"vishal.gangrade@accenture.com\",\"bidproductid\":3100,\"bidproductname\":\"Hair Straightner\",\"bidproductdescription\":\"LG 2-in-1 Straightner\",\"bidproductprice\":60,\"biddateposted\":\"2016-10-16T05:04:34.000Z\",\"bidtakenby\":\"vishal.gangrade@accenture.com\",\"bidcategory\":\"Electronics\",\"bidvalue\":0,\"BidCloses\":\"2016-10-20T05:04:34.000Z\"},{\"email\":\"vishal.gangrade@accenture.com\",\"bidproductid\":3200,\"bidproductname\":\"Galaxy 6\",\"bidproductdescription\":\"Grey Samsung Galaxy 6 \",\"bidproductprice\":420,\"biddateposted\":\"2016-10-16T05:05:22.000Z\",\"bidtakenby\":\"vishal.gangrade@accenture.com\",\"bidcategory\":\"Electronics\",\"bidvalue\":0,\"BidCloses\":\"2016-10-20T05:05:22.000Z\"},{\"email\":\"vishal.gangrade@accenture.com\",\"bidproductid\":3300,\"bidproductname\":\"iPad\",\"bidproductdescription\":\"Black iPad Pro Mini\",\"bidproductprice\":680,\"biddateposted\":\"2016-10-16T05:06:07.000Z\",\"bidtakenby\":\"vishal.gangrade@accenture.com\",\"bidcategory\":\"Electronics\",\"bidvalue\":0,\"BidCloses\":\"2016-10-20T05:06:07.000Z\"},{\"email\":\"vishal.gangrade@accenture.com\",\"bidproductid\":3400,\"bidproductname\":\"Power Bank\",\"bidproductdescription\":\"MI 5200mAH Power Bank\",\"bidproductprice\":120,\"biddateposted\":\"2016-10-16T05:06:56.000Z\",\"bidtakenby\":\"vishal.gangrade@accenture.com\",\"bidcategory\":\"Electronics\",\"bidvalue\":0,\"BidCloses\":\"2016-10-20T05:06:56.000Z\"},{\"email\":\"vishal.gangrade@accenture.com\",\"bidproductid\":3500,\"bidproductname\":\"Fit Bit\",\"bidproductdescription\":\"Pink Color Fit Bit\",\"bidproductprice\":200,\"biddateposted\":\"2016-10-16T05:07:53.000Z\",\"bidtakenby\":\"vishal.gangrade@accenture.com\",\"bidcategory\":\"Electronics\",\"bidvalue\":0,\"BidCloses\":\"2016-10-20T05:07:53.000Z\"}]}","timestamp":"2016-10-16T18:56:12.562Z"}
{"level":"info","message":"mansisogani1207@gmail.comviewed Bidding Products","timestamp":"2016-10-16T18:56:22.257Z"}
{"level":"info","message":"ho gaya{\"productlist\":[{\"email\":\"vishal.gangrade@accenture.com\",\"bidproductid\":3100,\"bidproductname\":\"Hair Straightner\",\"bidproductdescription\":\"LG 2-in-1 Straightner\",\"bidproductprice\":60,\"biddateposted\":\"2016-10-16T05:04:34.000Z\",\"bidtakenby\":\"vishal.gangrade@accenture.com\",\"bidcategory\":\"Electronics\",\"bidvalue\":0,\"BidCloses\":\"2016-10-20T05:04:34.000Z\"},{\"email\":\"vishal.gangrade@accenture.com\",\"bidproductid\":3200,\"bidproductname\":\"Galaxy 6\",\"bidproductdescription\":\"Grey Samsung Galaxy 6 \",\"bidproductprice\":420,\"biddateposted\":\"2016-10-16T05:05:22.000Z\",\"bidtakenby\":\"vishal.gangrade@accenture.com\",\"bidcategory\":\"Electronics\",\"bidvalue\":0,\"BidCloses\":\"2016-10-20T05:05:22.000Z\"},{\"email\":\"vishal.gangrade@accenture.com\",\"bidproductid\":3300,\"bidproductname\":\"iPad\",\"bidproductdescription\":\"Black iPad Pro Mini\",\"bidproductprice\":680,\"biddateposted\":\"2016-10-16T05:06:07.000Z\",\"bidtakenby\":\"vishal.gangrade@accenture.com\",\"bidcategory\":\"Electronics\",\"bidvalue\":0,\"BidCloses\":\"2016-10-20T05:06:07.000Z\"},{\"email\":\"vishal.gangrade@accenture.com\",\"bidproductid\":3400,\"bidproductname\":\"Power Bank\",\"bidproductdescription\":\"MI 5200mAH Power Bank\",\"bidproductprice\":120,\"biddateposted\":\"2016-10-16T05:06:56.000Z\",\"bidtakenby\":\"vishal.gangrade@accenture.com\",\"bidcategory\":\"Electronics\",\"bidvalue\":0,\"BidCloses\":\"2016-10-20T05:06:56.000Z\"},{\"email\":\"vishal.gangrade@accenture.com\",\"bidproductid\":3500,\"bidproductname\":\"Fit Bit\",\"bidproductdescription\":\"Pink Color Fit Bit\",\"bidproductprice\":200,\"biddateposted\":\"2016-10-16T05:07:53.000Z\",\"bidtakenby\":\"vishal.gangrade@accenture.com\",\"bidcategory\":\"Electronics\",\"bidvalue\":0,\"BidCloses\":\"2016-10-20T05:07:53.000Z\"}]}","timestamp":"2016-10-16T18:56:22.298Z"}
{"level":"info","message":"mansisogani1207@gmail.comviewed Bidding Products","timestamp":"2016-10-16T18:56:37.324Z"}
{"level":"info","message":"ho gaya{\"productlist\":[{\"email\":\"vishal.gangrade@accenture.com\",\"bidproductid\":3100,\"bidproductname\":\"Hair Straightner\",\"bidproductdescription\":\"LG 2-in-1 Straightner\",\"bidproductprice\":60,\"biddateposted\":\"2016-10-16T05:04:34.000Z\",\"bidtakenby\":\"vishal.gangrade@accenture.com\",\"bidcategory\":\"Electronics\",\"bidvalue\":0,\"BidCloses\":\"2016-10-20T05:04:34.000Z\"},{\"email\":\"vishal.gangrade@accenture.com\",\"bidproductid\":3200,\"bidproductname\":\"Galaxy 6\",\"bidproductdescription\":\"Grey Samsung Galaxy 6 \",\"bidproductprice\":420,\"biddateposted\":\"2016-10-16T05:05:22.000Z\",\"bidtakenby\":\"vishal.gangrade@accenture.com\",\"bidcategory\":\"Electronics\",\"bidvalue\":0,\"BidCloses\":\"2016-10-20T05:05:22.000Z\"},{\"email\":\"vishal.gangrade@accenture.com\",\"bidproductid\":3300,\"bidproductname\":\"iPad\",\"bidproductdescription\":\"Black iPad Pro Mini\",\"bidproductprice\":680,\"biddateposted\":\"2016-10-16T05:06:07.000Z\",\"bidtakenby\":\"vishal.gangrade@accenture.com\",\"bidcategory\":\"Electronics\",\"bidvalue\":0,\"BidCloses\":\"2016-10-20T05:06:07.000Z\"},{\"email\":\"vishal.gangrade@accenture.com\",\"bidproductid\":3400,\"bidproductname\":\"Power Bank\",\"bidproductdescription\":\"MI 5200mAH Power Bank\",\"bidproductprice\":120,\"biddateposted\":\"2016-10-16T05:06:56.000Z\",\"bidtakenby\":\"vishal.gangrade@accenture.com\",\"bidcategory\":\"Electronics\",\"bidvalue\":0,\"BidCloses\":\"2016-10-20T05:06:56.000Z\"},{\"email\":\"vishal.gangrade@accenture.com\",\"bidproductid\":3500,\"bidproductname\":\"Fit Bit\",\"bidproductdescription\":\"Pink Color Fit Bit\",\"bidproductprice\":200,\"biddateposted\":\"2016-10-16T05:07:53.000Z\",\"bidtakenby\":\"vishal.gangrade@accenture.com\",\"bidcategory\":\"Electronics\",\"bidvalue\":0,\"BidCloses\":\"2016-10-20T05:07:53.000Z\"}]}","timestamp":"2016-10-16T18:56:37.333Z"}
{"level":"info","message":"mansisogani1207@gmail.comviewed Bidding Products","timestamp":"2016-10-16T18:57:55.447Z"}
{"level":"info","message":"ho gaya{\"productlist\":[{\"email\":\"kapil@gmail.com\",\"bidproductid\":3100,\"bidproductname\":\"Hair Straightner\",\"bidproductdescription\":\"LG 2-in-1 Straightner\",\"bidproductprice\":60,\"biddateposted\":\"2016-10-16T05:04:34.000Z\",\"bidtakenby\":\"vishal.gangrade@accenture.com\",\"bidcategory\":\"Electronics\",\"bidvalue\":0,\"BidCloses\":\"2016-10-20T05:04:34.000Z\"},{\"email\":\"vishal.gangrade@accenture.com\",\"bidproductid\":3200,\"bidproductname\":\"Galaxy 6\",\"bidproductdescription\":\"Grey Samsung Galaxy 6 \",\"bidproductprice\":420,\"biddateposted\":\"2016-10-16T05:05:22.000Z\",\"bidtakenby\":\"vishal.gangrade@accenture.com\",\"bidcategory\":\"Electronics\",\"bidvalue\":0,\"BidCloses\":\"2016-10-20T05:05:22.000Z\"},{\"email\":\"vishal.gangrade@accenture.com\",\"bidproductid\":3300,\"bidproductname\":\"iPad\",\"bidproductdescription\":\"Black iPad Pro Mini\",\"bidproductprice\":680,\"biddateposted\":\"2016-10-16T05:06:07.000Z\",\"bidtakenby\":\"vishal.gangrade@accenture.com\",\"bidcategory\":\"Electronics\",\"bidvalue\":0,\"BidCloses\":\"2016-10-20T05:06:07.000Z\"},{\"email\":\"vishal.gangrade@accenture.com\",\"bidproductid\":3400,\"bidproductname\":\"Power Bank\",\"bidproductdescription\":\"MI 5200mAH Power Bank\",\"bidproductprice\":120,\"biddateposted\":\"2016-10-16T05:06:56.000Z\",\"bidtakenby\":\"vishal.gangrade@accenture.com\",\"bidcategory\":\"Electronics\",\"bidvalue\":0,\"BidCloses\":\"2016-10-20T05:06:56.000Z\"},{\"email\":\"vishal.gangrade@accenture.com\",\"bidproductid\":3500,\"bidproductname\":\"Fit Bit\",\"bidproductdescription\":\"Pink Color Fit Bit\",\"bidproductprice\":200,\"biddateposted\":\"2016-10-16T05:07:53.000Z\",\"bidtakenby\":\"vishal.gangrade@accenture.com\",\"bidcategory\":\"Electronics\",\"bidvalue\":0,\"BidCloses\":\"2016-10-20T05:07:53.000Z\"}]}","timestamp":"2016-10-16T18:57:55.458Z"}
{"level":"info","message":"mansisogani1207@gmail.combids for the product\"3100\"","timestamp":"2016-10-16T18:59:24.760Z"}
{"level":"info","message":"mansisogani1207@gmail.comviewed Bidding Products","timestamp":"2016-10-16T18:59:24.823Z"}
{"level":"info","message":"ho gaya{\"productlist\":[{\"email\":\"kapil@gmail.com\",\"bidproductid\":3100,\"bidproductname\":\"Hair Straightner\",\"bidproductdescription\":\"LG 2-in-1 Straightner\",\"bidproductprice\":60,\"biddateposted\":\"2016-10-16T05:04:34.000Z\",\"bidtakenby\":\"mansisogani1207@gmail.com\",\"bidcategory\":\"Electronics\",\"bidvalue\":71,\"BidCloses\":\"2016-10-20T05:04:34.000Z\"},{\"email\":\"vishal.gangrade@accenture.com\",\"bidproductid\":3200,\"bidproductname\":\"Galaxy 6\",\"bidproductdescription\":\"Grey Samsung Galaxy 6 \",\"bidproductprice\":420,\"biddateposted\":\"2016-10-16T05:05:22.000Z\",\"bidtakenby\":\"vishal.gangrade@accenture.com\",\"bidcategory\":\"Electronics\",\"bidvalue\":0,\"BidCloses\":\"2016-10-20T05:05:22.000Z\"},{\"email\":\"vishal.gangrade@accenture.com\",\"bidproductid\":3300,\"bidproductname\":\"iPad\",\"bidproductdescription\":\"Black iPad Pro Mini\",\"bidproductprice\":680,\"biddateposted\":\"2016-10-16T05:06:07.000Z\",\"bidtakenby\":\"vishal.gangrade@accenture.com\",\"bidcategory\":\"Electronics\",\"bidvalue\":0,\"BidCloses\":\"2016-10-20T05:06:07.000Z\"},{\"email\":\"vishal.gangrade@accenture.com\",\"bidproductid\":3400,\"bidproductname\":\"Power Bank\",\"bidproductdescription\":\"MI 5200mAH Power Bank\",\"bidproductprice\":120,\"biddateposted\":\"2016-10-16T05:06:56.000Z\",\"bidtakenby\":\"vishal.gangrade@accenture.com\",\"bidcategory\":\"Electronics\",\"bidvalue\":0,\"BidCloses\":\"2016-10-20T05:06:56.000Z\"},{\"email\":\"vishal.gangrade@accenture.com\",\"bidproductid\":3500,\"bidproductname\":\"Fit Bit\",\"bidproductdescription\":\"Pink Color Fit Bit\",\"bidproductprice\":200,\"biddateposted\":\"2016-10-16T05:07:53.000Z\",\"bidtakenby\":\"vishal.gangrade@accenture.com\",\"bidcategory\":\"Electronics\",\"bidvalue\":0,\"BidCloses\":\"2016-10-20T05:07:53.000Z\"}]}","timestamp":"2016-10-16T18:59:24.843Z"}
{"level":"info","message":"mansisogani1207@gmail.com viewed cart page","timestamp":"2016-10-16T18:59:41.476Z"}
{"level":"info","message":"mansisogani1207@gmail.comviewed Bidding Products","timestamp":"2016-10-16T18:59:46.073Z"}
{"level":"info","message":"ho gaya{\"productlist\":[{\"email\":\"kapil@gmail.com\",\"bidproductid\":3100,\"bidproductname\":\"Hair Straightner\",\"bidproductdescription\":\"LG 2-in-1 Straightner\",\"bidproductprice\":60,\"biddateposted\":\"2016-10-16T05:04:34.000Z\",\"bidtakenby\":\"mansisogani1207@gmail.com\",\"bidcategory\":\"Electronics\",\"bidvalue\":71,\"BidCloses\":\"2016-10-20T05:04:34.000Z\"},{\"email\":\"vishal.gangrade@accenture.com\",\"bidproductid\":3200,\"bidproductname\":\"Galaxy 6\",\"bidproductdescription\":\"Grey Samsung Galaxy 6 \",\"bidproductprice\":420,\"biddateposted\":\"2016-10-16T05:05:22.000Z\",\"bidtakenby\":\"vishal.gangrade@accenture.com\",\"bidcategory\":\"Electronics\",\"bidvalue\":0,\"BidCloses\":\"2016-10-20T05:05:22.000Z\"},{\"email\":\"vishal.gangrade@accenture.com\",\"bidproductid\":3300,\"bidproductname\":\"iPad\",\"bidproductdescription\":\"Black iPad Pro Mini\",\"bidproductprice\":680,\"biddateposted\":\"2016-10-16T05:06:07.000Z\",\"bidtakenby\":\"vishal.gangrade@accenture.com\",\"bidcategory\":\"Electronics\",\"bidvalue\":0,\"BidCloses\":\"2016-10-20T05:06:07.000Z\"},{\"email\":\"vishal.gangrade@accenture.com\",\"bidproductid\":3400,\"bidproductname\":\"Power Bank\",\"bidproductdescription\":\"MI 5200mAH Power Bank\",\"bidproductprice\":120,\"biddateposted\":\"2016-10-16T05:06:56.000Z\",\"bidtakenby\":\"vishal.gangrade@accenture.com\",\"bidcategory\":\"Electronics\",\"bidvalue\":0,\"BidCloses\":\"2016-10-20T05:06:56.000Z\"},{\"email\":\"vishal.gangrade@accenture.com\",\"bidproductid\":3500,\"bidproductname\":\"Fit Bit\",\"bidproductdescription\":\"Pink Color Fit Bit\",\"bidproductprice\":200,\"biddateposted\":\"2016-10-16T05:07:53.000Z\",\"bidtakenby\":\"vishal.gangrade@accenture.com\",\"bidcategory\":\"Electronics\",\"bidvalue\":0,\"BidCloses\":\"2016-10-20T05:07:53.000Z\"}]}","timestamp":"2016-10-16T18:59:46.081Z"}
{"level":"info","message":"mansisogani1207@gmail.comviewed women clothing","timestamp":"2016-10-16T18:59:57.085Z"}
{"level":"info","message":" mansisogani1207@gmail.com added undefineditem to sell","timestamp":"2016-10-16T19:00:35.442Z"}
{"level":"info","message":"mansisogani1207@gmail.comviewed women clothing","timestamp":"2016-10-16T19:00:35.447Z"}
{"level":"info","message":" mansisogani1207@gmail.com added undefineditem to sell","timestamp":"2016-10-16T19:00:40.989Z"}
{"level":"info","message":"mansisogani1207@gmail.comviewed women clothing","timestamp":"2016-10-16T19:00:40.993Z"}
{"level":"info","message":" mansisogani1207@gmail.com added undefineditem to sell","timestamp":"2016-10-16T19:00:50.652Z"}
{"level":"info","message":"mansisogani1207@gmail.comviewed women clothing","timestamp":"2016-10-16T19:00:50.660Z"}
{"level":"info","message":"mansisogani1207@gmail.com viewed cart page","timestamp":"2016-10-16T19:00:55.329Z"}
{"level":"info","message":"mansisogani1207@gmail.com checking out items","timestamp":"2016-10-16T19:02:01.329Z"}
{"level":"info","message":" card details loaded of mansisogani1207@gmail.com","timestamp":"2016-10-16T19:02:12.636Z"}
{"level":"info","message":"mansisogani1207@gmail.com checking out items","timestamp":"2016-10-16T19:05:46.099Z"}
{"level":"info","message":" card details loaded of mansisogani1207@gmail.com","timestamp":"2016-10-16T19:05:50.235Z"}
{"level":"info","message":"mansisogani1207@gmail.com checking out items","timestamp":"2016-10-16T19:08:04.114Z"}
{"level":"info","message":" card details loaded of mansisogani1207@gmail.com","timestamp":"2016-10-16T19:08:07.866Z"}
{"level":"info","message":"mansisogani1207@gmail.com viewed profile","timestamp":"2016-10-16T19:15:20.344Z"}
