{"level":"info","message":"ho gaya[object Object]","timestamp":"2016-10-15T19:14:23.221Z"}
{"level":"info","message":"ho gaya{\"productlist\":[]}","timestamp":"2016-10-15T19:17:15.843Z"}
{"level":"info","message":"ho gaya{\"productlist\":[]}","timestamp":"2016-10-15T19:38:28.202Z"}
{"level":"info","message":"ho gaya{\"productlist\":[]}","timestamp":"2016-10-15T20:10:41.707Z"}
{"level":"info","message":"ho gaya{\"productlist\":[]}","timestamp":"2016-10-15T20:29:25.787Z"}
{"level":"info","message":" clicked on item ","timestamp":"2016-10-15T20:31:29.119Z"}
{"level":"info","message":" clicked on item ","timestamp":"2016-10-15T20:32:33.013Z"}
{"level":"info","message":" clicked on item ","timestamp":"2016-10-15T20:33:16.231Z"}
{"level":"info","message":" clicked on item ","timestamp":"2016-10-15T20:33:39.082Z"}
{"level":"info","message":" clicked on item ","timestamp":"2016-10-15T20:33:40.151Z"}
{"level":"info","message":" clicked on item ","timestamp":"2016-10-15T20:33:40.889Z"}
{"level":"info","message":" clicked on item ","timestamp":"2016-10-15T20:33:41.444Z"}
{"level":"info","message":" clicked on item ","timestamp":"2016-10-15T20:33:42.373Z"}
{"level":"info","message":" undefined clicked on item mansi","timestamp":"2016-10-15T20:38:39.923Z"}
{"level":"info","message":" vishal.gangrade@accenture.com clicked on item mansi","timestamp":"2016-10-15T20:51:17.589Z"}
{"level":"info","message":"ho gaya{\"productlist\":[]}","timestamp":"2016-10-15T20:56:55.473Z"}
{"level":"info","message":" vishal.gangrade@accenture.com clicked on item mansi","timestamp":"2016-10-15T20:57:09.942Z"}
{"level":"info","message":" vishal.gangrade@accenture.com added undefineditem to sell","timestamp":"2016-10-15T21:00:46.999Z"}
{"level":"info","message":"vishal.gangrade@accenture.comviewed profile","timestamp":"2016-10-15T21:03:04.447Z"}
{"level":"info","message":"vishal.gangrade@accenture.com viewed cart page","timestamp":"2016-10-15T21:04:47.030Z"}
{"level":"info","message":"vishal.gangrade@accenture.com viewed cart page","timestamp":"2016-10-15T21:07:06.801Z"}
{"level":"info","message":"vishal.gangrade@accenture.com viewed profile","timestamp":"2016-10-15T21:07:07.884Z"}
{"level":"info","message":"vishal.gangrade@accenture.com added itrm for bidding","timestamp":"2016-10-15T21:09:00.635Z"}
{"level":"info","message":"vishal.gangrade@accenture.com deleted 1 from bid products","timestamp":"2016-10-15T21:09:04.069Z"}
{"level":"info","message":"vishal.gangrade@accenture.com viewed electronics auction","timestamp":"2016-10-15T21:09:04.073Z"}
{"level":"info","message":"vishal.gangrade@accenture.com viewed deleted item 1005","timestamp":"2016-10-15T21:10:38.870Z"}
{"level":"info","message":"vishal.gangrade@accenture.com listed one item for bidding 5100","timestamp":"2016-10-15T21:11:24.524Z"}
{"level":"info","message":"vishal.gangrade@accenture.com viewed product 4200","timestamp":"2016-10-15T21:12:42.211Z"}
{"level":"info","message":"vishal.gangrade@accenture.com viewed product 3100","timestamp":"2016-10-15T21:13:55.910Z"}
{"level":"info","message":"vishal.gangrade@accenture.com viewed product 4001","timestamp":"2016-10-15T22:14:57.578Z"}
{"level":"info","message":"vishal.gangrade@accenture.com viewed profile","timestamp":"2016-10-15T22:15:26.574Z"}
{"level":"info","message":" vishal.gangrade@accenture.com clicked on item mansi","timestamp":"2016-10-15T22:46:22.905Z"}
